<?xml version="1.0" encoding="UTF-8"?>
<!-- Generated by org.testng.reporters.JUnitXMLReporter -->
<testsuite hostname="LHTU05CG4472DYW" ignored="12" name="Default test" tests="20" failures="0" timestamp="2020-10-10T13:08:07 IST" time="230.881" errors="0">
  <testcase name="saveCostTypeGUITest" time="11.939" classname="ct.Testcases.CostTransparencySurgeryExpected"/>
  <testcase name="saveMainCostTypeTest" time="2.486" classname="ct.Testcases.CostTransparencySurgeryExpected"/>
  <testcase name="saveMessageTest" time="0.92" classname="ct.Testcases.CostTransparencySurgeryExpected"/>
  <testcase name="appActualEstimationDBTest" time="6.96" classname="ct.Testcases.CostTransparencySurgeryExpected"/>
  <testcase name="resetStatusMessageTest" time="9.308" classname="ct.Testcases.CostTransparencySurgeryExpected"/>
  <testcase name="resetGUITest" time="0.522" classname="ct.Testcases.CostTransparencySurgeryExpected"/>
  <testcase name="resetDBTest" time="0.329" classname="ct.Testcases.CostTransparencySurgeryExpected"/>
  <testcase name="closeEstimationEntryTest" time="7.963" classname="ct.Testcases.CostTransparencySurgeryExpected"/>
  <testcase name="closeIconEstimationEntryTest" time="7.021" classname="ct.Testcases.CostTransparencySurgeryExpected"/>
  <testcase name="mininvalidQuantityTest" time="6.445" classname="ct.Testcases.CostTransparencySurgeryExpected"/>
  <testcase name="maxinvalidQuantityTest" time="6.334" classname="ct.Testcases.CostTransparencySurgeryExpected"/>
  <testcase name="noChangesDetectedMainSaveTest" time="3.821" classname="ct.Testcases.CostTransparencySurgeryExpected"/>
  <testcase name="noChangesDetectedEstimationEntrySaveTest" time="6.418" classname="ct.Testcases.CostTransparencySurgeryExpected"/>
  <testcase name="noChangesDetectedResetTest" time="3.745" classname="ct.Testcases.CostTransparencySurgeryExpected"/>
  <testcase name="deleteCostTypeTest" time="6.017" classname="ct.Testcases.CostTransparencySurgeryExpected"/>
  <testcase name="switchToOriginalDataTest" time="6.545" classname="ct.Testcases.CostTransparencySurgeryExpected"/>
  <testcase name="switchToOriginalDataDBTest" time="4.545" classname="ct.Testcases.CostTransparencySurgeryExpected"/>
  <testcase name="oneTwentyDaysPastSwitchToOriginalDataDBTest" time="13.828" classname="ct.Testcases.CostTransparencySurgeryExpected"/>
  <testcase name="estimatedMemberOOPVsNetworkCostTest" time="2.715" classname="ct.Testcases.CostTransparencySurgeryExpected"/>
  <testcase name="editOnlyQuantityTest" time="95.997" classname="ct.Testcases.CostTransparencySurgeryExpected"/>
  <testcase name="getSubTotalEstimatedMemberOOPForNonSurgeryTest" time="0.0" classname="ct.Testcases.CostTransparencySurgeryExpected">
    <ignored/>
  </testcase> <!-- getSubTotalEstimatedMemberOOPForNonSurgeryTest -->
  <testcase name="getTotalEstimatedMemberOOPAmtForSurgeryTest" time="0.0" classname="ct.Testcases.CostTransparencySurgeryExpected">
    <ignored/>
  </testcase> <!-- getTotalEstimatedMemberOOPAmtForSurgeryTest -->
  <testcase name="getSubTotalAmountOutRangeForNonSurgeryTest" time="0.0" classname="ct.Testcases.CostTransparencySurgeryExpected">
    <ignored/>
  </testcase> <!-- getSubTotalAmountOutRangeForNonSurgeryTest -->
  <testcase name="getTotalEstimatedMemberOOPAmtForNonSurgeryTest" time="0.0" classname="ct.Testcases.CostTransparencySurgeryExpected">
    <ignored/>
  </testcase> <!-- getTotalEstimatedMemberOOPAmtForNonSurgeryTest -->
  <testcase name="getTotalOutNetworkAmtForNonSurgeryTest" time="0.0" classname="ct.Testcases.CostTransparencySurgeryExpected">
    <ignored/>
  </testcase> <!-- getTotalOutNetworkAmtForNonSurgeryTest -->
  <testcase name="getTotalOutNetworkAmtForSurgeryTest" time="0.0" classname="ct.Testcases.CostTransparencySurgeryExpected">
    <ignored/>
  </testcase> <!-- getTotalOutNetworkAmtForSurgeryTest -->
  <testcase name="getSubTotalAmountInRangeForNonSurgeryTest" time="0.0" classname="ct.Testcases.CostTransparencySurgeryExpected">
    <ignored/>
  </testcase> <!-- getSubTotalAmountInRangeForNonSurgeryTest -->
  <testcase name="getSubTotalEstimatedMemberOOPForSurgeryTest" time="0.0" classname="ct.Testcases.CostTransparencySurgeryExpected">
    <ignored/>
  </testcase> <!-- getSubTotalEstimatedMemberOOPForSurgeryTest -->
  <testcase name="getSubTotalAmountOutRangeForSurgeryTest" time="0.0" classname="ct.Testcases.CostTransparencySurgeryExpected">
    <ignored/>
  </testcase> <!-- getSubTotalAmountOutRangeForSurgeryTest -->
  <testcase name="getTotalInNetworkAmtForNonSurgeryTest" time="0.0" classname="ct.Testcases.CostTransparencySurgeryExpected">
    <ignored/>
  </testcase> <!-- getTotalInNetworkAmtForNonSurgeryTest -->
  <testcase name="getTotalInNetworkAmtForSurgeryTest" time="0.0" classname="ct.Testcases.CostTransparencySurgeryExpected">
    <ignored/>
  </testcase> <!-- getTotalInNetworkAmtForSurgeryTest -->
  <testcase name="getSubTotalAmountInRangeForSurgeryTest" time="0.0" classname="ct.Testcases.CostTransparencySurgeryExpected">
    <ignored/>
  </testcase> <!-- getSubTotalAmountInRangeForSurgeryTest -->
</testsuite> <!-- Default test -->
