<?xml version="1.0" encoding="UTF-8"?>
<!-- Generated by org.testng.reporters.JUnitXMLReporter -->
<testsuite hostname="LHTU05CG4472DYW" ignored="0" name="CTFieldsTest" tests="192" failures="0" timestamp="2020-10-13T11:18:17 IST" time="103.175" errors="0">
  <testcase name="memberIdentifierTest on 1" time="17.399" classname="ct.Testcases.CostTransparencyFields"/>
  <testcase name="HICNTest on 1" time="0.166" classname="ct.Testcases.CostTransparencyFields"/>
  <testcase name="firstNameTest on 1" time="0.124" classname="ct.Testcases.CostTransparencyFields"/>
  <testcase name="dateOfBirthTest on 1" time="0.13" classname="ct.Testcases.CostTransparencyFields"/>
  <testcase name="primaryPhoneTest on 1" time="0.147" classname="ct.Testcases.CostTransparencyFields"/>
  <testcase name="primaryLanguageTest on 1" time="0.154" classname="ct.Testcases.CostTransparencyFields"/>
  <testcase name="addressTest on 1" time="0.163" classname="ct.Testcases.CostTransparencyFields"/>
  <testcase name="cityTest on 1" time="0.169" classname="ct.Testcases.CostTransparencyFields"/>
  <testcase name="stateTest on 1" time="0.153" classname="ct.Testcases.CostTransparencyFields"/>
  <testcase name="zipCodeTest on 1" time="0.147" classname="ct.Testcases.CostTransparencyFields"/>
  <testcase name="planTest on 1" time="0.138" classname="ct.Testcases.CostTransparencyFields"/>
  <testcase name="planNameTest on 1" time="0.147" classname="ct.Testcases.CostTransparencyFields"/>
  <testcase name="deductibeSpentOutNetworkTest on 1" time="0.141" classname="ct.Testcases.CostTransparencyFields"/>
  <testcase name="deductibeLimitOutNetworkTest on 1" time="0.137" classname="ct.Testcases.CostTransparencyFields"/>
  <testcase name="deductibeSpentInNetworkTest on 1" time="0.154" classname="ct.Testcases.CostTransparencyFields"/>
  <testcase name="deductibeLimitInNetworkTest on 1" time="0.146" classname="ct.Testcases.CostTransparencyFields"/>
  <testcase name="oopSpentOutNetworkTest on 1" time="0.154" classname="ct.Testcases.CostTransparencyFields"/>
  <testcase name="oopLimitOutNetworkTest on 1" time="0.131" classname="ct.Testcases.CostTransparencyFields"/>
  <testcase name="oopSpentInNetworkTest on 1" time="0.138" classname="ct.Testcases.CostTransparencyFields"/>
  <testcase name="oopLimitInNetworkTest on 1" time="0.163" classname="ct.Testcases.CostTransparencyFields"/>
  <testcase name="serviceRefrenceNumberTest on 1" time="0.454" classname="ct.Testcases.CostTransparencyFields"/>
  <testcase name="hscIdTest on 1" time="0.132" classname="ct.Testcases.CostTransparencyFields"/>
  <testcase name="dateOfProcedureTest on 1" time="0.164" classname="ct.Testcases.CostTransparencyFields"/>
  <testcase name="procedureCodeTest on 1" time="0.145" classname="ct.Testcases.CostTransparencyFields"/>
  <testcase name="facilityTest on 1" time="0.139" classname="ct.Testcases.CostTransparencyFields"/>
  <testcase name="providerNameTest on 1" time="0.134" classname="ct.Testcases.CostTransparencyFields"/>
  <testcase name="providerAddressTest on 1" time="0.138" classname="ct.Testcases.CostTransparencyFields"/>
  <testcase name="providerCityTest on 1" time="0.17" classname="ct.Testcases.CostTransparencyFields"/>
  <testcase name="providerStateTest on 1" time="0.126" classname="ct.Testcases.CostTransparencyFields"/>
  <testcase name="providerZipcodeTest on 1" time="0.132" classname="ct.Testcases.CostTransparencyFields"/>
  <testcase name="providerSpecialityTest on 1" time="0.138" classname="ct.Testcases.CostTransparencyFields"/>
  <testcase name="providerNetworkStatusTest on 1" time="0.116" classname="ct.Testcases.CostTransparencyFields"/>
  <testcase name="memberIdentifierTest on 2" time="1.73" classname="ct.Testcases.CostTransparencyFields"/>
  <testcase name="HICNTest on 2" time="0.339" classname="ct.Testcases.CostTransparencyFields"/>
  <testcase name="firstNameTest on 2" time="0.195" classname="ct.Testcases.CostTransparencyFields"/>
  <testcase name="dateOfBirthTest on 2" time="0.273" classname="ct.Testcases.CostTransparencyFields"/>
  <testcase name="primaryPhoneTest on 2" time="0.448" classname="ct.Testcases.CostTransparencyFields"/>
  <testcase name="primaryLanguageTest on 2" time="0.191" classname="ct.Testcases.CostTransparencyFields"/>
  <testcase name="addressTest on 2" time="0.183" classname="ct.Testcases.CostTransparencyFields"/>
  <testcase name="cityTest on 2" time="0.208" classname="ct.Testcases.CostTransparencyFields"/>
  <testcase name="stateTest on 2" time="0.198" classname="ct.Testcases.CostTransparencyFields"/>
  <testcase name="zipCodeTest on 2" time="0.228" classname="ct.Testcases.CostTransparencyFields"/>
  <testcase name="planTest on 2" time="0.154" classname="ct.Testcases.CostTransparencyFields"/>
  <testcase name="planNameTest on 2" time="0.172" classname="ct.Testcases.CostTransparencyFields"/>
  <testcase name="deductibeSpentOutNetworkTest on 2" time="0.154" classname="ct.Testcases.CostTransparencyFields"/>
  <testcase name="deductibeLimitOutNetworkTest on 2" time="0.139" classname="ct.Testcases.CostTransparencyFields"/>
  <testcase name="deductibeSpentInNetworkTest on 2" time="0.138" classname="ct.Testcases.CostTransparencyFields"/>
  <testcase name="deductibeLimitInNetworkTest on 2" time="0.13" classname="ct.Testcases.CostTransparencyFields"/>
  <testcase name="oopSpentOutNetworkTest on 2" time="0.132" classname="ct.Testcases.CostTransparencyFields"/>
  <testcase name="oopLimitOutNetworkTest on 2" time="0.138" classname="ct.Testcases.CostTransparencyFields"/>
  <testcase name="oopSpentInNetworkTest on 2" time="0.17" classname="ct.Testcases.CostTransparencyFields"/>
  <testcase name="oopLimitInNetworkTest on 2" time="0.158" classname="ct.Testcases.CostTransparencyFields"/>
  <testcase name="serviceRefrenceNumberTest on 2" time="0.532" classname="ct.Testcases.CostTransparencyFields"/>
  <testcase name="hscIdTest on 2" time="0.132" classname="ct.Testcases.CostTransparencyFields"/>
  <testcase name="dateOfProcedureTest on 2" time="0.132" classname="ct.Testcases.CostTransparencyFields"/>
  <testcase name="procedureCodeTest on 2" time="0.136" classname="ct.Testcases.CostTransparencyFields"/>
  <testcase name="facilityTest on 2" time="0.159" classname="ct.Testcases.CostTransparencyFields"/>
  <testcase name="providerNameTest on 2" time="0.18" classname="ct.Testcases.CostTransparencyFields"/>
  <testcase name="providerAddressTest on 2" time="0.163" classname="ct.Testcases.CostTransparencyFields"/>
  <testcase name="providerCityTest on 2" time="0.169" classname="ct.Testcases.CostTransparencyFields"/>
  <testcase name="providerStateTest on 2" time="0.188" classname="ct.Testcases.CostTransparencyFields"/>
  <testcase name="providerZipcodeTest on 2" time="0.165" classname="ct.Testcases.CostTransparencyFields"/>
  <testcase name="providerSpecialityTest on 2" time="0.158" classname="ct.Testcases.CostTransparencyFields"/>
  <testcase name="providerNetworkStatusTest on 2" time="0.184" classname="ct.Testcases.CostTransparencyFields"/>
  <testcase name="memberIdentifierTest on 3" time="0.225" classname="ct.Testcases.CostTransparencyFields"/>
  <testcase name="HICNTest on 3" time="0.318" classname="ct.Testcases.CostTransparencyFields"/>
  <testcase name="firstNameTest on 3" time="0.391" classname="ct.Testcases.CostTransparencyFields"/>
  <testcase name="dateOfBirthTest on 3" time="0.315" classname="ct.Testcases.CostTransparencyFields"/>
  <testcase name="primaryPhoneTest on 3" time="0.316" classname="ct.Testcases.CostTransparencyFields"/>
  <testcase name="primaryLanguageTest on 3" time="0.214" classname="ct.Testcases.CostTransparencyFields"/>
  <testcase name="addressTest on 3" time="0.163" classname="ct.Testcases.CostTransparencyFields"/>
  <testcase name="cityTest on 3" time="0.126" classname="ct.Testcases.CostTransparencyFields"/>
  <testcase name="stateTest on 3" time="0.367" classname="ct.Testcases.CostTransparencyFields"/>
  <testcase name="zipCodeTest on 3" time="0.279" classname="ct.Testcases.CostTransparencyFields"/>
  <testcase name="planTest on 3" time="0.216" classname="ct.Testcases.CostTransparencyFields"/>
  <testcase name="planNameTest on 3" time="0.16" classname="ct.Testcases.CostTransparencyFields"/>
  <testcase name="deductibeSpentOutNetworkTest on 3" time="0.185" classname="ct.Testcases.CostTransparencyFields"/>
  <testcase name="deductibeLimitOutNetworkTest on 3" time="0.191" classname="ct.Testcases.CostTransparencyFields"/>
  <testcase name="deductibeSpentInNetworkTest on 3" time="0.187" classname="ct.Testcases.CostTransparencyFields"/>
  <testcase name="deductibeLimitInNetworkTest on 3" time="0.348" classname="ct.Testcases.CostTransparencyFields"/>
  <testcase name="oopSpentOutNetworkTest on 3" time="0.244" classname="ct.Testcases.CostTransparencyFields"/>
  <testcase name="oopLimitOutNetworkTest on 3" time="0.197" classname="ct.Testcases.CostTransparencyFields"/>
  <testcase name="oopSpentInNetworkTest on 3" time="0.194" classname="ct.Testcases.CostTransparencyFields"/>
  <testcase name="oopLimitInNetworkTest on 3" time="0.161" classname="ct.Testcases.CostTransparencyFields"/>
  <testcase name="serviceRefrenceNumberTest on 3" time="0.309" classname="ct.Testcases.CostTransparencyFields"/>
  <testcase name="hscIdTest on 3" time="0.13" classname="ct.Testcases.CostTransparencyFields"/>
  <testcase name="dateOfProcedureTest on 3" time="0.128" classname="ct.Testcases.CostTransparencyFields"/>
  <testcase name="procedureCodeTest on 3" time="0.126" classname="ct.Testcases.CostTransparencyFields"/>
  <testcase name="facilityTest on 3" time="0.156" classname="ct.Testcases.CostTransparencyFields"/>
  <testcase name="providerNameTest on 3" time="0.221" classname="ct.Testcases.CostTransparencyFields"/>
  <testcase name="providerAddressTest on 3" time="0.257" classname="ct.Testcases.CostTransparencyFields"/>
  <testcase name="providerCityTest on 3" time="0.254" classname="ct.Testcases.CostTransparencyFields"/>
  <testcase name="providerStateTest on 3" time="0.255" classname="ct.Testcases.CostTransparencyFields"/>
  <testcase name="providerZipcodeTest on 3" time="0.268" classname="ct.Testcases.CostTransparencyFields"/>
  <testcase name="providerSpecialityTest on 3" time="0.227" classname="ct.Testcases.CostTransparencyFields"/>
  <testcase name="providerNetworkStatusTest on 3" time="0.183" classname="ct.Testcases.CostTransparencyFields"/>
  <testcase name="memberIdentifierTest on 4" time="0.266" classname="ct.Testcases.CostTransparencyFields"/>
  <testcase name="HICNTest on 4" time="0.182" classname="ct.Testcases.CostTransparencyFields"/>
  <testcase name="firstNameTest on 4" time="0.131" classname="ct.Testcases.CostTransparencyFields"/>
  <testcase name="dateOfBirthTest on 4" time="0.138" classname="ct.Testcases.CostTransparencyFields"/>
  <testcase name="primaryPhoneTest on 4" time="0.127" classname="ct.Testcases.CostTransparencyFields"/>
  <testcase name="primaryLanguageTest on 4" time="0.146" classname="ct.Testcases.CostTransparencyFields"/>
  <testcase name="addressTest on 4" time="0.123" classname="ct.Testcases.CostTransparencyFields"/>
  <testcase name="cityTest on 4" time="0.131" classname="ct.Testcases.CostTransparencyFields"/>
  <testcase name="stateTest on 4" time="0.096" classname="ct.Testcases.CostTransparencyFields"/>
  <testcase name="zipCodeTest on 4" time="0.147" classname="ct.Testcases.CostTransparencyFields"/>
  <testcase name="planTest on 4" time="0.122" classname="ct.Testcases.CostTransparencyFields"/>
  <testcase name="planNameTest on 4" time="0.117" classname="ct.Testcases.CostTransparencyFields"/>
  <testcase name="deductibeSpentOutNetworkTest on 4" time="0.112" classname="ct.Testcases.CostTransparencyFields"/>
  <testcase name="deductibeLimitOutNetworkTest on 4" time="0.129" classname="ct.Testcases.CostTransparencyFields"/>
  <testcase name="deductibeSpentInNetworkTest on 4" time="0.201" classname="ct.Testcases.CostTransparencyFields"/>
  <testcase name="deductibeLimitInNetworkTest on 4" time="0.116" classname="ct.Testcases.CostTransparencyFields"/>
  <testcase name="oopSpentOutNetworkTest on 4" time="0.138" classname="ct.Testcases.CostTransparencyFields"/>
  <testcase name="oopLimitOutNetworkTest on 4" time="0.117" classname="ct.Testcases.CostTransparencyFields"/>
  <testcase name="oopSpentInNetworkTest on 4" time="0.131" classname="ct.Testcases.CostTransparencyFields"/>
  <testcase name="oopLimitInNetworkTest on 4" time="0.138" classname="ct.Testcases.CostTransparencyFields"/>
  <testcase name="serviceRefrenceNumberTest on 4" time="0.273" classname="ct.Testcases.CostTransparencyFields"/>
  <testcase name="hscIdTest on 4" time="0.145" classname="ct.Testcases.CostTransparencyFields"/>
  <testcase name="dateOfProcedureTest on 4" time="0.132" classname="ct.Testcases.CostTransparencyFields"/>
  <testcase name="procedureCodeTest on 4" time="0.122" classname="ct.Testcases.CostTransparencyFields"/>
  <testcase name="facilityTest on 4" time="0.132" classname="ct.Testcases.CostTransparencyFields"/>
  <testcase name="providerNameTest on 4" time="0.136" classname="ct.Testcases.CostTransparencyFields"/>
  <testcase name="providerAddressTest on 4" time="0.133" classname="ct.Testcases.CostTransparencyFields"/>
  <testcase name="providerCityTest on 4" time="0.116" classname="ct.Testcases.CostTransparencyFields"/>
  <testcase name="providerStateTest on 4" time="0.1" classname="ct.Testcases.CostTransparencyFields"/>
  <testcase name="providerZipcodeTest on 4" time="0.154" classname="ct.Testcases.CostTransparencyFields"/>
  <testcase name="providerSpecialityTest on 4" time="0.131" classname="ct.Testcases.CostTransparencyFields"/>
  <testcase name="providerNetworkStatusTest on 4" time="0.142" classname="ct.Testcases.CostTransparencyFields"/>
  <testcase name="memberIdentifierTest on 5" time="0.164" classname="ct.Testcases.CostTransparencyFields"/>
  <testcase name="HICNTest on 5" time="0.113" classname="ct.Testcases.CostTransparencyFields"/>
  <testcase name="firstNameTest on 5" time="0.1" classname="ct.Testcases.CostTransparencyFields"/>
  <testcase name="dateOfBirthTest on 5" time="0.147" classname="ct.Testcases.CostTransparencyFields"/>
  <testcase name="primaryPhoneTest on 5" time="0.154" classname="ct.Testcases.CostTransparencyFields"/>
  <testcase name="primaryLanguageTest on 5" time="0.132" classname="ct.Testcases.CostTransparencyFields"/>
  <testcase name="addressTest on 5" time="0.154" classname="ct.Testcases.CostTransparencyFields"/>
  <testcase name="cityTest on 5" time="0.142" classname="ct.Testcases.CostTransparencyFields"/>
  <testcase name="stateTest on 5" time="0.116" classname="ct.Testcases.CostTransparencyFields"/>
  <testcase name="zipCodeTest on 5" time="0.131" classname="ct.Testcases.CostTransparencyFields"/>
  <testcase name="planTest on 5" time="0.132" classname="ct.Testcases.CostTransparencyFields"/>
  <testcase name="planNameTest on 5" time="0.137" classname="ct.Testcases.CostTransparencyFields"/>
  <testcase name="deductibeSpentOutNetworkTest on 5" time="0.132" classname="ct.Testcases.CostTransparencyFields"/>
  <testcase name="deductibeLimitOutNetworkTest on 5" time="0.131" classname="ct.Testcases.CostTransparencyFields"/>
  <testcase name="deductibeSpentInNetworkTest on 5" time="0.185" classname="ct.Testcases.CostTransparencyFields"/>
  <testcase name="deductibeLimitInNetworkTest on 5" time="0.166" classname="ct.Testcases.CostTransparencyFields"/>
  <testcase name="oopSpentOutNetworkTest on 5" time="0.175" classname="ct.Testcases.CostTransparencyFields"/>
  <testcase name="oopLimitOutNetworkTest on 5" time="0.196" classname="ct.Testcases.CostTransparencyFields"/>
  <testcase name="oopSpentInNetworkTest on 5" time="0.165" classname="ct.Testcases.CostTransparencyFields"/>
  <testcase name="oopLimitInNetworkTest on 5" time="0.134" classname="ct.Testcases.CostTransparencyFields"/>
  <testcase name="serviceRefrenceNumberTest on 5" time="0.279" classname="ct.Testcases.CostTransparencyFields"/>
  <testcase name="hscIdTest on 5" time="0.136" classname="ct.Testcases.CostTransparencyFields"/>
  <testcase name="dateOfProcedureTest on 5" time="0.132" classname="ct.Testcases.CostTransparencyFields"/>
  <testcase name="procedureCodeTest on 5" time="0.169" classname="ct.Testcases.CostTransparencyFields"/>
  <testcase name="facilityTest on 5" time="0.106" classname="ct.Testcases.CostTransparencyFields"/>
  <testcase name="providerNameTest on 5" time="0.111" classname="ct.Testcases.CostTransparencyFields"/>
  <testcase name="providerAddressTest on 5" time="0.116" classname="ct.Testcases.CostTransparencyFields"/>
  <testcase name="providerCityTest on 5" time="0.138" classname="ct.Testcases.CostTransparencyFields"/>
  <testcase name="providerStateTest on 5" time="0.116" classname="ct.Testcases.CostTransparencyFields"/>
  <testcase name="providerZipcodeTest on 5" time="0.112" classname="ct.Testcases.CostTransparencyFields"/>
  <testcase name="providerSpecialityTest on 5" time="0.154" classname="ct.Testcases.CostTransparencyFields"/>
  <testcase name="providerNetworkStatusTest on 5" time="0.132" classname="ct.Testcases.CostTransparencyFields"/>
  <testcase name="memberIdentifierTest on 6" time="0.15" classname="ct.Testcases.CostTransparencyFields"/>
  <testcase name="HICNTest on 6" time="0.114" classname="ct.Testcases.CostTransparencyFields"/>
  <testcase name="firstNameTest on 6" time="0.085" classname="ct.Testcases.CostTransparencyFields"/>
  <testcase name="dateOfBirthTest on 6" time="0.115" classname="ct.Testcases.CostTransparencyFields"/>
  <testcase name="primaryPhoneTest on 6" time="0.132" classname="ct.Testcases.CostTransparencyFields"/>
  <testcase name="primaryLanguageTest on 6" time="0.116" classname="ct.Testcases.CostTransparencyFields"/>
  <testcase name="addressTest on 6" time="0.122" classname="ct.Testcases.CostTransparencyFields"/>
  <testcase name="cityTest on 6" time="0.1" classname="ct.Testcases.CostTransparencyFields"/>
  <testcase name="stateTest on 6" time="0.132" classname="ct.Testcases.CostTransparencyFields"/>
  <testcase name="zipCodeTest on 6" time="0.163" classname="ct.Testcases.CostTransparencyFields"/>
  <testcase name="planTest on 6" time="0.132" classname="ct.Testcases.CostTransparencyFields"/>
  <testcase name="planNameTest on 6" time="0.147" classname="ct.Testcases.CostTransparencyFields"/>
  <testcase name="deductibeSpentOutNetworkTest on 6" time="0.16" classname="ct.Testcases.CostTransparencyFields"/>
  <testcase name="deductibeLimitOutNetworkTest on 6" time="0.185" classname="ct.Testcases.CostTransparencyFields"/>
  <testcase name="deductibeSpentInNetworkTest on 6" time="0.185" classname="ct.Testcases.CostTransparencyFields"/>
  <testcase name="deductibeLimitInNetworkTest on 6" time="0.113" classname="ct.Testcases.CostTransparencyFields"/>
  <testcase name="oopSpentOutNetworkTest on 6" time="0.138" classname="ct.Testcases.CostTransparencyFields"/>
  <testcase name="oopLimitOutNetworkTest on 6" time="0.113" classname="ct.Testcases.CostTransparencyFields"/>
  <testcase name="oopSpentInNetworkTest on 6" time="0.12" classname="ct.Testcases.CostTransparencyFields"/>
  <testcase name="oopLimitInNetworkTest on 6" time="0.172" classname="ct.Testcases.CostTransparencyFields"/>
  <testcase name="serviceRefrenceNumberTest on 6" time="0.486" classname="ct.Testcases.CostTransparencyFields"/>
  <testcase name="hscIdTest on 6" time="0.163" classname="ct.Testcases.CostTransparencyFields"/>
  <testcase name="dateOfProcedureTest on 6" time="0.146" classname="ct.Testcases.CostTransparencyFields"/>
  <testcase name="procedureCodeTest on 6" time="0.125" classname="ct.Testcases.CostTransparencyFields"/>
  <testcase name="facilityTest on 6" time="0.114" classname="ct.Testcases.CostTransparencyFields"/>
  <testcase name="providerNameTest on 6" time="0.116" classname="ct.Testcases.CostTransparencyFields"/>
  <testcase name="providerAddressTest on 6" time="0.132" classname="ct.Testcases.CostTransparencyFields"/>
  <testcase name="providerCityTest on 6" time="0.138" classname="ct.Testcases.CostTransparencyFields"/>
  <testcase name="providerStateTest on 6" time="0.116" classname="ct.Testcases.CostTransparencyFields"/>
  <testcase name="providerZipcodeTest on 6" time="0.118" classname="ct.Testcases.CostTransparencyFields"/>
  <testcase name="providerSpecialityTest on 6" time="0.136" classname="ct.Testcases.CostTransparencyFields"/>
  <testcase name="providerNetworkStatusTest on 6" time="0.137" classname="ct.Testcases.CostTransparencyFields"/>
</testsuite> <!-- CTFieldsTest -->
