<?xml version="1.0" encoding="UTF-8"?>
<!-- Generated by org.testng.reporters.JUnitXMLReporter -->
<testsuite hostname="LHTU05CG4472DYW" ignored="0" name="CTSearchTest" tests="12" failures="0" timestamp="2020-10-12T14:55:18 IST" time="87.129" errors="0">
  <testcase name="verifyNameSearch" time="1.131" classname="ct.Testcases.SearchTest"/>
  <testcase name="verifyPrimaryPhoneSearch" time="0.928" classname="ct.Testcases.SearchTest"/>
  <testcase name="verifyPrimaryAddressSearch" time="1.039" classname="ct.Testcases.SearchTest"/>
  <testcase name="verifyMemberPlanSearch" time="2.903" classname="ct.Testcases.SearchTest"/>
  <testcase name="verifyccsCategorySearch" time="1.595" classname="ct.Testcases.SearchTest"/>
  <testcase name="verifyAllFieldSearch" time="4.028" classname="ct.Testcases.SearchTest"/>
  <testcase name="verifyResetOnSearch" time="7.018" classname="ct.Testcases.SearchTest"/>
  <testcase name="verifyWorningText" time="0.297" classname="ct.Testcases.SearchTest"/>
  <testcase name="verifySearchResultOnSearch" time="4.962" classname="ct.Testcases.SearchTest"/>
  <testcase name="verifylabelsOnSearchPage" time="3.117" classname="ct.Testcases.SearchTest"/>
  <testcase name="verifyCancelOnSearch" time="3.505" classname="ct.Testcases.SearchTest"/>
  <testcase name="verifyResutOnDemographic" time="10.43" classname="ct.Testcases.SearchTest"/>
</testsuite> <!-- CTSearchTest -->
