<?xml version="1.0" encoding="UTF-8"?>
<!-- Generated by org.testng.reporters.JUnitXMLReporter -->
<testsuite hostname="LHTU05CG4472DYW" ignored="1" name="CTSurgeryExpected" tests="2" failures="1" timestamp="2020-09-01T15:11:57 IST" time="44.445" errors="0">
  <testcase name="saveCostTypeGUITest" time="6.702" classname="ct.Testcases.CostTransparencySurgeryExpected"/>
  <testcase name="saveCostTypeGUITest" time="6.863" classname="ct.Testcases.CostTransparencySurgeryExpected">
    <failure type="java.lang.NullPointerException">
      <![CDATA[java.lang.NullPointerException
at ct.listeners.Reporting.onTestSuccess(Reporting.java:25)
at java.util.ArrayList.forEach(Unknown Source)
... Removed 24 stack frames]]>
    </failure>
  </testcase> <!-- saveCostTypeGUITest -->
  <testcase name="getbackOriginalInformation" time="0.0" classname="ct.Testcases.CostTransparencySurgeryExpected">
    <ignored/>
  </testcase> <!-- getbackOriginalInformation -->
</testsuite> <!-- CTSurgeryExpected -->
