<?xml version="1.0" encoding="UTF-8"?>
<!-- Generated by org.testng.reporters.JUnitXMLReporter -->
<testsuite hostname="LHTU05CG4472DYW" ignored="0" name="CTSurgeryLabelTest" tests="48" failures="0" timestamp="2020-10-12T15:02:45 IST" time="39.744" errors="0">
  <testcase name="verifyLabelMebDemoGraphic" time="0.062" classname="ct.Testcases.CostTransparencyLabel"/>
  <testcase name="verifyLabelName" time="0.083" classname="ct.Testcases.CostTransparencyLabel"/>
  <testcase name="verifyLabelPhoneNo" time="0.048" classname="ct.Testcases.CostTransparencyLabel"/>
  <testcase name="verifyLabelDOB" time="0.053" classname="ct.Testcases.CostTransparencyLabel"/>
  <testcase name="verifyLabelHICN" time="0.079" classname="ct.Testcases.CostTransparencyLabel"/>
  <testcase name="verifyLabelMBI" time="0.04" classname="ct.Testcases.CostTransparencyLabel"/>
  <testcase name="verifyLabelLanguage" time="0.042" classname="ct.Testcases.CostTransparencyLabel"/>
  <testcase name="verifyLabelAddress" time="0.04" classname="ct.Testcases.CostTransparencyLabel"/>
  <testcase name="verifyLabelCity" time="0.039" classname="ct.Testcases.CostTransparencyLabel"/>
  <testcase name="verifyLabelState" time="0.042" classname="ct.Testcases.CostTransparencyLabel"/>
  <testcase name="verifyLabelPlanInfo" time="0.042" classname="ct.Testcases.CostTransparencyLabel"/>
  <testcase name="verifyLabelPlan" time="0.044" classname="ct.Testcases.CostTransparencyLabel"/>
  <testcase name="verifyLabelPlanName" time="0.043" classname="ct.Testcases.CostTransparencyLabel"/>
  <testcase name="verifyLabelDeductibeSpendOutNetwork" time="0.081" classname="ct.Testcases.CostTransparencyLabel"/>
  <testcase name="verifyLabelDeductibeLimitOutNetwork" time="0.074" classname="ct.Testcases.CostTransparencyLabel"/>
  <testcase name="verifyLabelDeductibeSpendInNetwork" time="0.08" classname="ct.Testcases.CostTransparencyLabel"/>
  <testcase name="verifyLabelDeductibeLimitInNetwork" time="0.041" classname="ct.Testcases.CostTransparencyLabel"/>
  <testcase name="verifyLabelOOPSpendOutNetwork" time="0.082" classname="ct.Testcases.CostTransparencyLabel"/>
  <testcase name="verifyLabelOOPLimitOutNetwork" time="0.086" classname="ct.Testcases.CostTransparencyLabel"/>
  <testcase name="verifyLabelOOPSpendInNetwork" time="0.079" classname="ct.Testcases.CostTransparencyLabel"/>
  <testcase name="verifyLabelOOPLimitInNetwork" time="0.077" classname="ct.Testcases.CostTransparencyLabel"/>
  <testcase name="verifyLabelPriorAuthInfo" time="0.08" classname="ct.Testcases.CostTransparencyLabel"/>
  <testcase name="verifyLabelHSCID" time="0.041" classname="ct.Testcases.CostTransparencyLabel"/>
  <testcase name="verifyLabelDateofProcedure" time="0.082" classname="ct.Testcases.CostTransparencyLabel"/>
  <testcase name="verifyLabelProcedureCode" time="0.093" classname="ct.Testcases.CostTransparencyLabel"/>
  <testcase name="verifyLabelFacility" time="0.102" classname="ct.Testcases.CostTransparencyLabel"/>
  <testcase name="verifyLabelReferanceNo" time="0.044" classname="ct.Testcases.CostTransparencyLabel"/>
  <testcase name="verifyLabelProviderInfo" time="0.074" classname="ct.Testcases.CostTransparencyLabel"/>
  <testcase name="verifyLabelProviderName" time="0.053" classname="ct.Testcases.CostTransparencyLabel"/>
  <testcase name="verifyLabelProviderAddress" time="0.05" classname="ct.Testcases.CostTransparencyLabel"/>
  <testcase name="verifyLabelProviderState" time="0.048" classname="ct.Testcases.CostTransparencyLabel"/>
  <testcase name="verifyLabelProviderCity" time="0.049" classname="ct.Testcases.CostTransparencyLabel"/>
  <testcase name="verifyLabelProviderZip" time="0.044" classname="ct.Testcases.CostTransparencyLabel"/>
  <testcase name="verifyLabelProviderSpeciality" time="0.042" classname="ct.Testcases.CostTransparencyLabel"/>
  <testcase name="verifyLabelProviderNetworkStatus" time="0.043" classname="ct.Testcases.CostTransparencyLabel"/>
  <testcase name="verifyLabelCCSCategory" time="0.045" classname="ct.Testcases.CostTransparencyLabel"/>
  <testcase name="verifyLabelDiagnosis" time="0.039" classname="ct.Testcases.CostTransparencyLabel"/>
  <testcase name="verifyLabelSurgeryExpected" time="0.039" classname="ct.Testcases.CostTransparencyLabel"/>
  <testcase name="verifyLabelSurgeryNotExpected" time="0.047" classname="ct.Testcases.CostTransparencyLabel"/>
  <testcase name="verifyLabelbuttonReset" time="0.044" classname="ct.Testcases.CostTransparencyLabel"/>
  <testcase name="verifyLabelbuttonSave" time="0.041" classname="ct.Testcases.CostTransparencyLabel"/>
  <testcase name="verifyLabelbuttonGoToSearch" time="0.039" classname="ct.Testcases.CostTransparencyLabel"/>
  <testcase name="verifyPreTableHeaders" time="0.65" classname="ct.Testcases.CostTransparencyLabel"/>
  <testcase name="verifyDuringTableHeaders" time="0.781" classname="ct.Testcases.CostTransparencyLabel"/>
  <testcase name="verifyPostTableHeaders" time="0.656" classname="ct.Testcases.CostTransparencyLabel"/>
  <testcase name="verifyLabelTotalIn" time="0.118" classname="ct.Testcases.CostTransparencyLabel"/>
  <testcase name="verifyLabelTotalOut" time="0.13" classname="ct.Testcases.CostTransparencyLabel"/>
  <testcase name="verifyLabelTable" time="0.534" classname="ct.Testcases.CostTransparencyLabel"/>
</testsuite> <!-- CTSurgeryLabelTest -->
