<?xml version="1.0" encoding="UTF-8"?>
<!-- Generated by org.testng.reporters.JUnitXMLReporter -->
<testsuite hostname="LHTU05CG4472DYW" ignored="10" name="CTSurgeryExpectedTest" tests="22" failures="0" timestamp="2020-10-12T15:02:06 IST" time="407.357" errors="0">
  <testcase name="getTotalInNetworkAmtForSurgeryTest" time="31.152" classname="ct.Testcases.CostTransparencySurgeryExpected"/>
  <testcase name="getTotalOutNetworkAmtForSurgeryTest" time="30.907" classname="ct.Testcases.CostTransparencySurgeryExpected"/>
  <testcase name="saveCostTypeGUITest" time="22.675" classname="ct.Testcases.CostTransparencySurgeryExpected"/>
  <testcase name="saveMainCostTypeTest" time="2.484" classname="ct.Testcases.CostTransparencySurgeryExpected"/>
  <testcase name="saveMessageTest" time="1.109" classname="ct.Testcases.CostTransparencySurgeryExpected"/>
  <testcase name="appActualEstimationDBTest" time="19.354" classname="ct.Testcases.CostTransparencySurgeryExpected"/>
  <testcase name="resetStatusMessageTest" time="11.44" classname="ct.Testcases.CostTransparencySurgeryExpected"/>
  <testcase name="resetGUITest" time="6.166" classname="ct.Testcases.CostTransparencySurgeryExpected"/>
  <testcase name="resetDBTest" time="5.906" classname="ct.Testcases.CostTransparencySurgeryExpected"/>
  <testcase name="closeEstimationEntryTest" time="15.829" classname="ct.Testcases.CostTransparencySurgeryExpected"/>
  <testcase name="closeIconEstimationEntryTest" time="15.303" classname="ct.Testcases.CostTransparencySurgeryExpected"/>
  <testcase name="mininvalidQuantityTest" time="9.237" classname="ct.Testcases.CostTransparencySurgeryExpected"/>
  <testcase name="maxinvalidQuantityTest" time="8.894" classname="ct.Testcases.CostTransparencySurgeryExpected"/>
  <testcase name="noChangesDetectedMainSaveTest" time="6.913" classname="ct.Testcases.CostTransparencySurgeryExpected"/>
  <testcase name="noChangesDetectedEstimationEntrySaveTest" time="10.974" classname="ct.Testcases.CostTransparencySurgeryExpected"/>
  <testcase name="noChangesDetectedResetTest" time="10.394" classname="ct.Testcases.CostTransparencySurgeryExpected"/>
  <testcase name="deleteCostTypeTest" time="10.072" classname="ct.Testcases.CostTransparencySurgeryExpected"/>
  <testcase name="switchToOriginalDataTest" time="10.22" classname="ct.Testcases.CostTransparencySurgeryExpected"/>
  <testcase name="switchToOriginalDataDBTest" time="17.019" classname="ct.Testcases.CostTransparencySurgeryExpected"/>
  <testcase name="oneTwentyDaysPastSwitchToOriginalDataDBTest" time="29.403" classname="ct.Testcases.CostTransparencySurgeryExpected"/>
  <testcase name="estimatedMemberOOPVsNetworkCostTest" time="5.375" classname="ct.Testcases.CostTransparencySurgeryExpected"/>
  <testcase name="editOnlyQuantityTest" time="98.36" classname="ct.Testcases.CostTransparencySurgeryExpected"/>
  <testcase name="getSubTotalEstimatedMemberOOPForNonSurgeryTest" time="0.0" classname="ct.Testcases.CostTransparencySurgeryExpected">
    <ignored/>
  </testcase> <!-- getSubTotalEstimatedMemberOOPForNonSurgeryTest -->
  <testcase name="getTotalEstimatedMemberOOPAmtForSurgeryTest" time="0.0" classname="ct.Testcases.CostTransparencySurgeryExpected">
    <ignored/>
  </testcase> <!-- getTotalEstimatedMemberOOPAmtForSurgeryTest -->
  <testcase name="getSubTotalAmountOutRangeForNonSurgeryTest" time="0.0" classname="ct.Testcases.CostTransparencySurgeryExpected">
    <ignored/>
  </testcase> <!-- getSubTotalAmountOutRangeForNonSurgeryTest -->
  <testcase name="getTotalEstimatedMemberOOPAmtForNonSurgeryTest" time="0.0" classname="ct.Testcases.CostTransparencySurgeryExpected">
    <ignored/>
  </testcase> <!-- getTotalEstimatedMemberOOPAmtForNonSurgeryTest -->
  <testcase name="getTotalOutNetworkAmtForNonSurgeryTest" time="0.0" classname="ct.Testcases.CostTransparencySurgeryExpected">
    <ignored/>
  </testcase> <!-- getTotalOutNetworkAmtForNonSurgeryTest -->
  <testcase name="getSubTotalAmountInRangeForNonSurgeryTest" time="0.0" classname="ct.Testcases.CostTransparencySurgeryExpected">
    <ignored/>
  </testcase> <!-- getSubTotalAmountInRangeForNonSurgeryTest -->
  <testcase name="getSubTotalEstimatedMemberOOPForSurgeryTest" time="0.0" classname="ct.Testcases.CostTransparencySurgeryExpected">
    <ignored/>
  </testcase> <!-- getSubTotalEstimatedMemberOOPForSurgeryTest -->
  <testcase name="getSubTotalAmountOutRangeForSurgeryTest" time="0.0" classname="ct.Testcases.CostTransparencySurgeryExpected">
    <ignored/>
  </testcase> <!-- getSubTotalAmountOutRangeForSurgeryTest -->
  <testcase name="getTotalInNetworkAmtForNonSurgeryTest" time="0.0" classname="ct.Testcases.CostTransparencySurgeryExpected">
    <ignored/>
  </testcase> <!-- getTotalInNetworkAmtForNonSurgeryTest -->
  <testcase name="getSubTotalAmountInRangeForSurgeryTest" time="0.0" classname="ct.Testcases.CostTransparencySurgeryExpected">
    <ignored/>
  </testcase> <!-- getSubTotalAmountInRangeForSurgeryTest -->
</testsuite> <!-- CTSurgeryExpectedTest -->
