<?xml version="1.0" encoding="UTF-8"?>
<!-- Generated by org.testng.reporters.JUnitXMLReporter -->
<testsuite hostname="LHTU05CG4472DYW" ignored="0" name="CTValidation" tests="264" failures="6" timestamp="2020-09-01T15:00:21 IST" time="171.521" errors="0">
  <testcase name="memberIdentifierTest on 1" time="2.99" classname="ct.Testcases.CostTransparencyFields"/>
  <testcase name="HICNTest on 1" time="0.206" classname="ct.Testcases.CostTransparencyFields"/>
  <testcase name="firstNameTest on 1" time="0.184" classname="ct.Testcases.CostTransparencyFields"/>
  <testcase name="dateOfBirthTest on 1" time="0.121" classname="ct.Testcases.CostTransparencyFields"/>
  <testcase name="primaryPhoneTest on 1" time="0.123" classname="ct.Testcases.CostTransparencyFields"/>
  <testcase name="primaryLanguageTest on 1" time="0.123" classname="ct.Testcases.CostTransparencyFields"/>
  <testcase name="addressTest on 1" time="0.129" classname="ct.Testcases.CostTransparencyFields"/>
  <testcase name="cityTest on 1" time="0.147" classname="ct.Testcases.CostTransparencyFields"/>
  <testcase name="stateTest on 1" time="0.169" classname="ct.Testcases.CostTransparencyFields"/>
  <testcase name="zipCodeTest on 1" time="0.13" classname="ct.Testcases.CostTransparencyFields"/>
  <testcase name="planTest on 1" time="0.122" classname="ct.Testcases.CostTransparencyFields"/>
  <testcase name="planNameTest on 1" time="0.108" classname="ct.Testcases.CostTransparencyFields"/>
  <testcase name="deductibeSpentOutNetworkTest on 1" time="0.113" classname="ct.Testcases.CostTransparencyFields"/>
  <testcase name="deductibeLimitOutNetworkTest on 1" time="0.11" classname="ct.Testcases.CostTransparencyFields"/>
  <testcase name="deductibeSpentInNetworkTest on 1" time="0.128" classname="ct.Testcases.CostTransparencyFields"/>
  <testcase name="deductibeLimitInNetworkTest on 1" time="0.192" classname="ct.Testcases.CostTransparencyFields"/>
  <testcase name="oopSpentOutNetworkTest on 1" time="0.126" classname="ct.Testcases.CostTransparencyFields"/>
  <testcase name="oopLimitOutNetworkTest on 1" time="0.121" classname="ct.Testcases.CostTransparencyFields"/>
  <testcase name="oopSpentInNetworkTest on 1" time="0.134" classname="ct.Testcases.CostTransparencyFields"/>
  <testcase name="oopLimitInNetworkTest on 1" time="0.135" classname="ct.Testcases.CostTransparencyFields"/>
  <testcase name="serviceRefrenceNumberTest on 1" time="0.493" classname="ct.Testcases.CostTransparencyFields"/>
  <testcase name="hscIdTest on 1" time="0.101" classname="ct.Testcases.CostTransparencyFields"/>
  <testcase name="dateOfProcedureTest on 1" time="0.125" classname="ct.Testcases.CostTransparencyFields"/>
  <testcase name="procedureCodeTest on 1" time="0.114" classname="ct.Testcases.CostTransparencyFields"/>
  <testcase name="facilityTest on 1" time="0.112" classname="ct.Testcases.CostTransparencyFields"/>
  <testcase name="procedurecodeDescriptionTest on 1" time="0.107" classname="ct.Testcases.CostTransparencyFields"/>
  <testcase name="providerNameTest on 1" time="0.133" classname="ct.Testcases.CostTransparencyFields"/>
  <testcase name="providerAddressTest on 1" time="0.137" classname="ct.Testcases.CostTransparencyFields"/>
  <testcase name="providerCityTest on 1" time="0.14" classname="ct.Testcases.CostTransparencyFields"/>
  <testcase name="providerStateTest on 1" time="0.119" classname="ct.Testcases.CostTransparencyFields"/>
  <testcase name="providerZipcodeTest on 1" time="0.127" classname="ct.Testcases.CostTransparencyFields"/>
  <testcase name="providerSpecialityTest on 1" time="0.114" classname="ct.Testcases.CostTransparencyFields"/>
  <testcase name="providerNetworkStatusTest on 1" time="0.114" classname="ct.Testcases.CostTransparencyFields"/>
  <testcase name="memberIdentifierTest on 2" time="2.533" classname="ct.Testcases.CostTransparencyFields"/>
  <testcase name="HICNTest on 2" time="0.107" classname="ct.Testcases.CostTransparencyFields"/>
  <testcase name="firstNameTest on 2" time="0.105" classname="ct.Testcases.CostTransparencyFields"/>
  <testcase name="dateOfBirthTest on 2" time="0.154" classname="ct.Testcases.CostTransparencyFields"/>
  <testcase name="primaryPhoneTest on 2" time="0.134" classname="ct.Testcases.CostTransparencyFields"/>
  <testcase name="primaryLanguageTest on 2" time="0.11" classname="ct.Testcases.CostTransparencyFields"/>
  <testcase name="addressTest on 2" time="0.126" classname="ct.Testcases.CostTransparencyFields"/>
  <testcase name="cityTest on 2" time="0.116" classname="ct.Testcases.CostTransparencyFields"/>
  <testcase name="stateTest on 2" time="0.128" classname="ct.Testcases.CostTransparencyFields"/>
  <testcase name="zipCodeTest on 2" time="0.13" classname="ct.Testcases.CostTransparencyFields"/>
  <testcase name="planTest on 2" time="0.106" classname="ct.Testcases.CostTransparencyFields"/>
  <testcase name="planNameTest on 2" time="0.113" classname="ct.Testcases.CostTransparencyFields"/>
  <testcase name="deductibeSpentOutNetworkTest on 2" time="0.108" classname="ct.Testcases.CostTransparencyFields"/>
  <testcase name="deductibeLimitOutNetworkTest on 2" time="0.113" classname="ct.Testcases.CostTransparencyFields"/>
  <testcase name="deductibeSpentInNetworkTest on 2" time="0.126" classname="ct.Testcases.CostTransparencyFields"/>
  <testcase name="deductibeLimitInNetworkTest on 2" time="0.118" classname="ct.Testcases.CostTransparencyFields"/>
  <testcase name="oopSpentOutNetworkTest on 2" time="0.126" classname="ct.Testcases.CostTransparencyFields"/>
  <testcase name="oopLimitOutNetworkTest on 2" time="0.162" classname="ct.Testcases.CostTransparencyFields"/>
  <testcase name="oopSpentInNetworkTest on 2" time="0.133" classname="ct.Testcases.CostTransparencyFields"/>
  <testcase name="oopLimitInNetworkTest on 2" time="0.125" classname="ct.Testcases.CostTransparencyFields"/>
  <testcase name="serviceRefrenceNumberTest on 2" time="0.291" classname="ct.Testcases.CostTransparencyFields"/>
  <testcase name="hscIdTest on 2" time="0.108" classname="ct.Testcases.CostTransparencyFields"/>
  <testcase name="dateOfProcedureTest on 2" time="0.112" classname="ct.Testcases.CostTransparencyFields"/>
  <testcase name="procedureCodeTest on 2" time="0.12" classname="ct.Testcases.CostTransparencyFields"/>
  <testcase name="facilityTest on 2" time="0.114" classname="ct.Testcases.CostTransparencyFields"/>
  <testcase name="procedurecodeDescriptionTest on 2" time="0.131" classname="ct.Testcases.CostTransparencyFields">
    <failure type="java.lang.AssertionError" message="procedureCodeDescription is mismatched expected [] but found [27447]">
      <![CDATA[java.lang.AssertionError: procedureCodeDescription is mismatched expected [] but found [27447]
at ct.Testcases.CostTransparencyFields.procedurecodeDescriptionTest(CostTransparencyFields.java:416)
at java.util.ArrayList.forEach(Unknown Source)
... Removed 31 stack frames]]>
    </failure>
  </testcase> <!-- procedurecodeDescriptionTest on 2 -->
  <testcase name="providerNameTest on 2" time="0.118" classname="ct.Testcases.CostTransparencyFields"/>
  <testcase name="providerAddressTest on 2" time="0.139" classname="ct.Testcases.CostTransparencyFields"/>
  <testcase name="providerCityTest on 2" time="0.115" classname="ct.Testcases.CostTransparencyFields"/>
  <testcase name="providerStateTest on 2" time="0.11" classname="ct.Testcases.CostTransparencyFields"/>
  <testcase name="providerZipcodeTest on 2" time="0.101" classname="ct.Testcases.CostTransparencyFields"/>
  <testcase name="providerSpecialityTest on 2" time="0.098" classname="ct.Testcases.CostTransparencyFields"/>
  <testcase name="providerNetworkStatusTest on 2" time="0.1" classname="ct.Testcases.CostTransparencyFields"/>
  <testcase name="memberIdentifierTest on 3" time="2.579" classname="ct.Testcases.CostTransparencyFields"/>
  <testcase name="HICNTest on 3" time="0.167" classname="ct.Testcases.CostTransparencyFields"/>
  <testcase name="firstNameTest on 3" time="0.182" classname="ct.Testcases.CostTransparencyFields"/>
  <testcase name="dateOfBirthTest on 3" time="0.244" classname="ct.Testcases.CostTransparencyFields"/>
  <testcase name="primaryPhoneTest on 3" time="0.113" classname="ct.Testcases.CostTransparencyFields"/>
  <testcase name="primaryLanguageTest on 3" time="0.103" classname="ct.Testcases.CostTransparencyFields"/>
  <testcase name="addressTest on 3" time="0.102" classname="ct.Testcases.CostTransparencyFields"/>
  <testcase name="cityTest on 3" time="0.134" classname="ct.Testcases.CostTransparencyFields"/>
  <testcase name="stateTest on 3" time="0.098" classname="ct.Testcases.CostTransparencyFields"/>
  <testcase name="zipCodeTest on 3" time="0.096" classname="ct.Testcases.CostTransparencyFields"/>
  <testcase name="planTest on 3" time="0.098" classname="ct.Testcases.CostTransparencyFields"/>
  <testcase name="planNameTest on 3" time="0.109" classname="ct.Testcases.CostTransparencyFields"/>
  <testcase name="deductibeSpentOutNetworkTest on 3" time="0.113" classname="ct.Testcases.CostTransparencyFields"/>
  <testcase name="deductibeLimitOutNetworkTest on 3" time="0.103" classname="ct.Testcases.CostTransparencyFields"/>
  <testcase name="deductibeSpentInNetworkTest on 3" time="0.11" classname="ct.Testcases.CostTransparencyFields"/>
  <testcase name="deductibeLimitInNetworkTest on 3" time="0.12" classname="ct.Testcases.CostTransparencyFields"/>
  <testcase name="oopSpentOutNetworkTest on 3" time="0.121" classname="ct.Testcases.CostTransparencyFields"/>
  <testcase name="oopLimitOutNetworkTest on 3" time="0.101" classname="ct.Testcases.CostTransparencyFields"/>
  <testcase name="oopSpentInNetworkTest on 3" time="0.104" classname="ct.Testcases.CostTransparencyFields"/>
  <testcase name="oopLimitInNetworkTest on 3" time="0.108" classname="ct.Testcases.CostTransparencyFields"/>
  <testcase name="serviceRefrenceNumberTest on 3" time="0.304" classname="ct.Testcases.CostTransparencyFields"/>
  <testcase name="hscIdTest on 3" time="0.109" classname="ct.Testcases.CostTransparencyFields"/>
  <testcase name="dateOfProcedureTest on 3" time="0.098" classname="ct.Testcases.CostTransparencyFields"/>
  <testcase name="procedureCodeTest on 3" time="0.11" classname="ct.Testcases.CostTransparencyFields"/>
  <testcase name="facilityTest on 3" time="0.098" classname="ct.Testcases.CostTransparencyFields"/>
  <testcase name="procedurecodeDescriptionTest on 3" time="0.142" classname="ct.Testcases.CostTransparencyFields"/>
  <testcase name="providerNameTest on 3" time="0.14" classname="ct.Testcases.CostTransparencyFields"/>
  <testcase name="providerAddressTest on 3" time="0.147" classname="ct.Testcases.CostTransparencyFields"/>
  <testcase name="providerCityTest on 3" time="0.116" classname="ct.Testcases.CostTransparencyFields"/>
  <testcase name="providerStateTest on 3" time="0.115" classname="ct.Testcases.CostTransparencyFields"/>
  <testcase name="providerZipcodeTest on 3" time="0.108" classname="ct.Testcases.CostTransparencyFields"/>
  <testcase name="providerSpecialityTest on 3" time="0.115" classname="ct.Testcases.CostTransparencyFields"/>
  <testcase name="providerNetworkStatusTest on 3" time="0.111" classname="ct.Testcases.CostTransparencyFields"/>
  <testcase name="memberIdentifierTest on 4" time="2.571" classname="ct.Testcases.CostTransparencyFields"/>
  <testcase name="HICNTest on 4" time="0.232" classname="ct.Testcases.CostTransparencyFields"/>
  <testcase name="firstNameTest on 4" time="0.132" classname="ct.Testcases.CostTransparencyFields"/>
  <testcase name="dateOfBirthTest on 4" time="0.104" classname="ct.Testcases.CostTransparencyFields"/>
  <testcase name="primaryPhoneTest on 4" time="0.109" classname="ct.Testcases.CostTransparencyFields"/>
  <testcase name="primaryLanguageTest on 4" time="0.101" classname="ct.Testcases.CostTransparencyFields"/>
  <testcase name="addressTest on 4" time="0.117" classname="ct.Testcases.CostTransparencyFields"/>
  <testcase name="cityTest on 4" time="0.106" classname="ct.Testcases.CostTransparencyFields"/>
  <testcase name="stateTest on 4" time="0.099" classname="ct.Testcases.CostTransparencyFields"/>
  <testcase name="zipCodeTest on 4" time="0.113" classname="ct.Testcases.CostTransparencyFields"/>
  <testcase name="planTest on 4" time="0.103" classname="ct.Testcases.CostTransparencyFields"/>
  <testcase name="planNameTest on 4" time="0.111" classname="ct.Testcases.CostTransparencyFields"/>
  <testcase name="deductibeSpentOutNetworkTest on 4" time="0.124" classname="ct.Testcases.CostTransparencyFields"/>
  <testcase name="deductibeLimitOutNetworkTest on 4" time="0.142" classname="ct.Testcases.CostTransparencyFields"/>
  <testcase name="deductibeSpentInNetworkTest on 4" time="0.107" classname="ct.Testcases.CostTransparencyFields"/>
  <testcase name="deductibeLimitInNetworkTest on 4" time="0.107" classname="ct.Testcases.CostTransparencyFields"/>
  <testcase name="oopSpentOutNetworkTest on 4" time="0.099" classname="ct.Testcases.CostTransparencyFields"/>
  <testcase name="oopLimitOutNetworkTest on 4" time="0.11" classname="ct.Testcases.CostTransparencyFields"/>
  <testcase name="oopSpentInNetworkTest on 4" time="0.108" classname="ct.Testcases.CostTransparencyFields"/>
  <testcase name="oopLimitInNetworkTest on 4" time="0.163" classname="ct.Testcases.CostTransparencyFields"/>
  <testcase name="serviceRefrenceNumberTest on 4" time="0.277" classname="ct.Testcases.CostTransparencyFields"/>
  <testcase name="hscIdTest on 4" time="0.111" classname="ct.Testcases.CostTransparencyFields"/>
  <testcase name="dateOfProcedureTest on 4" time="0.14" classname="ct.Testcases.CostTransparencyFields"/>
  <testcase name="procedureCodeTest on 4" time="0.12" classname="ct.Testcases.CostTransparencyFields"/>
  <testcase name="facilityTest on 4" time="0.136" classname="ct.Testcases.CostTransparencyFields"/>
  <testcase name="procedurecodeDescriptionTest on 4" time="0.133" classname="ct.Testcases.CostTransparencyFields">
    <failure type="java.lang.AssertionError" message="procedureCodeDescription is mismatched expected [] but found [22840]">
      <![CDATA[java.lang.AssertionError: procedureCodeDescription is mismatched expected [] but found [22840]
at ct.Testcases.CostTransparencyFields.procedurecodeDescriptionTest(CostTransparencyFields.java:416)
at java.util.ArrayList.forEach(Unknown Source)
... Removed 31 stack frames]]>
    </failure>
  </testcase> <!-- procedurecodeDescriptionTest on 4 -->
  <testcase name="providerNameTest on 4" time="0.156" classname="ct.Testcases.CostTransparencyFields"/>
  <testcase name="providerAddressTest on 4" time="0.16" classname="ct.Testcases.CostTransparencyFields"/>
  <testcase name="providerCityTest on 4" time="0.14" classname="ct.Testcases.CostTransparencyFields"/>
  <testcase name="providerStateTest on 4" time="0.119" classname="ct.Testcases.CostTransparencyFields"/>
  <testcase name="providerZipcodeTest on 4" time="0.109" classname="ct.Testcases.CostTransparencyFields"/>
  <testcase name="providerSpecialityTest on 4" time="0.115" classname="ct.Testcases.CostTransparencyFields"/>
  <testcase name="providerNetworkStatusTest on 4" time="0.098" classname="ct.Testcases.CostTransparencyFields"/>
  <testcase name="memberIdentifierTest on 5" time="0.155" classname="ct.Testcases.CostTransparencyFields"/>
  <testcase name="HICNTest on 5" time="0.112" classname="ct.Testcases.CostTransparencyFields"/>
  <testcase name="firstNameTest on 5" time="0.125" classname="ct.Testcases.CostTransparencyFields"/>
  <testcase name="dateOfBirthTest on 5" time="0.104" classname="ct.Testcases.CostTransparencyFields"/>
  <testcase name="primaryPhoneTest on 5" time="0.096" classname="ct.Testcases.CostTransparencyFields"/>
  <testcase name="primaryLanguageTest on 5" time="0.106" classname="ct.Testcases.CostTransparencyFields"/>
  <testcase name="addressTest on 5" time="0.114" classname="ct.Testcases.CostTransparencyFields"/>
  <testcase name="cityTest on 5" time="0.118" classname="ct.Testcases.CostTransparencyFields"/>
  <testcase name="stateTest on 5" time="0.095" classname="ct.Testcases.CostTransparencyFields"/>
  <testcase name="zipCodeTest on 5" time="0.115" classname="ct.Testcases.CostTransparencyFields"/>
  <testcase name="planTest on 5" time="0.111" classname="ct.Testcases.CostTransparencyFields"/>
  <testcase name="planNameTest on 5" time="0.104" classname="ct.Testcases.CostTransparencyFields"/>
  <testcase name="deductibeSpentOutNetworkTest on 5" time="0.131" classname="ct.Testcases.CostTransparencyFields"/>
  <testcase name="deductibeLimitOutNetworkTest on 5" time="0.092" classname="ct.Testcases.CostTransparencyFields"/>
  <testcase name="deductibeSpentInNetworkTest on 5" time="0.097" classname="ct.Testcases.CostTransparencyFields"/>
  <testcase name="deductibeLimitInNetworkTest on 5" time="0.09" classname="ct.Testcases.CostTransparencyFields"/>
  <testcase name="oopSpentOutNetworkTest on 5" time="0.105" classname="ct.Testcases.CostTransparencyFields"/>
  <testcase name="oopLimitOutNetworkTest on 5" time="0.099" classname="ct.Testcases.CostTransparencyFields"/>
  <testcase name="oopSpentInNetworkTest on 5" time="0.094" classname="ct.Testcases.CostTransparencyFields"/>
  <testcase name="oopLimitInNetworkTest on 5" time="0.102" classname="ct.Testcases.CostTransparencyFields"/>
  <testcase name="serviceRefrenceNumberTest on 5" time="0.308" classname="ct.Testcases.CostTransparencyFields"/>
  <testcase name="hscIdTest on 5" time="0.104" classname="ct.Testcases.CostTransparencyFields"/>
  <testcase name="dateOfProcedureTest on 5" time="0.107" classname="ct.Testcases.CostTransparencyFields"/>
  <testcase name="procedureCodeTest on 5" time="0.095" classname="ct.Testcases.CostTransparencyFields"/>
  <testcase name="facilityTest on 5" time="0.106" classname="ct.Testcases.CostTransparencyFields"/>
  <testcase name="procedurecodeDescriptionTest on 5" time="0.118" classname="ct.Testcases.CostTransparencyFields">
    <failure type="java.lang.AssertionError" message="procedureCodeDescription is mismatched expected [] but found [22852]">
      <![CDATA[java.lang.AssertionError: procedureCodeDescription is mismatched expected [] but found [22852]
at ct.Testcases.CostTransparencyFields.procedurecodeDescriptionTest(CostTransparencyFields.java:416)
at java.util.ArrayList.forEach(Unknown Source)
... Removed 31 stack frames]]>
    </failure>
  </testcase> <!-- procedurecodeDescriptionTest on 5 -->
  <testcase name="providerNameTest on 5" time="0.105" classname="ct.Testcases.CostTransparencyFields"/>
  <testcase name="providerAddressTest on 5" time="0.101" classname="ct.Testcases.CostTransparencyFields"/>
  <testcase name="providerCityTest on 5" time="0.105" classname="ct.Testcases.CostTransparencyFields"/>
  <testcase name="providerStateTest on 5" time="0.102" classname="ct.Testcases.CostTransparencyFields"/>
  <testcase name="providerZipcodeTest on 5" time="0.097" classname="ct.Testcases.CostTransparencyFields"/>
  <testcase name="providerSpecialityTest on 5" time="0.111" classname="ct.Testcases.CostTransparencyFields"/>
  <testcase name="providerNetworkStatusTest on 5" time="0.106" classname="ct.Testcases.CostTransparencyFields"/>
  <testcase name="memberIdentifierTest on 6" time="0.114" classname="ct.Testcases.CostTransparencyFields"/>
  <testcase name="HICNTest on 6" time="0.089" classname="ct.Testcases.CostTransparencyFields"/>
  <testcase name="firstNameTest on 6" time="0.099" classname="ct.Testcases.CostTransparencyFields"/>
  <testcase name="dateOfBirthTest on 6" time="0.105" classname="ct.Testcases.CostTransparencyFields"/>
  <testcase name="primaryPhoneTest on 6" time="0.121" classname="ct.Testcases.CostTransparencyFields"/>
  <testcase name="primaryLanguageTest on 6" time="0.094" classname="ct.Testcases.CostTransparencyFields"/>
  <testcase name="addressTest on 6" time="0.098" classname="ct.Testcases.CostTransparencyFields"/>
  <testcase name="cityTest on 6" time="0.106" classname="ct.Testcases.CostTransparencyFields"/>
  <testcase name="stateTest on 6" time="0.111" classname="ct.Testcases.CostTransparencyFields"/>
  <testcase name="zipCodeTest on 6" time="0.102" classname="ct.Testcases.CostTransparencyFields"/>
  <testcase name="planTest on 6" time="0.096" classname="ct.Testcases.CostTransparencyFields"/>
  <testcase name="planNameTest on 6" time="0.095" classname="ct.Testcases.CostTransparencyFields"/>
  <testcase name="deductibeSpentOutNetworkTest on 6" time="0.102" classname="ct.Testcases.CostTransparencyFields"/>
  <testcase name="deductibeLimitOutNetworkTest on 6" time="0.098" classname="ct.Testcases.CostTransparencyFields"/>
  <testcase name="deductibeSpentInNetworkTest on 6" time="0.093" classname="ct.Testcases.CostTransparencyFields"/>
  <testcase name="deductibeLimitInNetworkTest on 6" time="0.112" classname="ct.Testcases.CostTransparencyFields"/>
  <testcase name="oopSpentOutNetworkTest on 6" time="0.092" classname="ct.Testcases.CostTransparencyFields"/>
  <testcase name="oopLimitOutNetworkTest on 6" time="0.099" classname="ct.Testcases.CostTransparencyFields"/>
  <testcase name="oopSpentInNetworkTest on 6" time="0.097" classname="ct.Testcases.CostTransparencyFields"/>
  <testcase name="oopLimitInNetworkTest on 6" time="0.119" classname="ct.Testcases.CostTransparencyFields"/>
  <testcase name="serviceRefrenceNumberTest on 6" time="0.3" classname="ct.Testcases.CostTransparencyFields"/>
  <testcase name="hscIdTest on 6" time="0.107" classname="ct.Testcases.CostTransparencyFields"/>
  <testcase name="dateOfProcedureTest on 6" time="0.099" classname="ct.Testcases.CostTransparencyFields"/>
  <testcase name="procedureCodeTest on 6" time="0.096" classname="ct.Testcases.CostTransparencyFields"/>
  <testcase name="facilityTest on 6" time="0.094" classname="ct.Testcases.CostTransparencyFields"/>
  <testcase name="procedurecodeDescriptionTest on 6" time="0.095" classname="ct.Testcases.CostTransparencyFields">
    <failure type="java.lang.AssertionError" message="procedureCodeDescription is mismatched expected [] but found [20930]">
      <![CDATA[java.lang.AssertionError: procedureCodeDescription is mismatched expected [] but found [20930]
at ct.Testcases.CostTransparencyFields.procedurecodeDescriptionTest(CostTransparencyFields.java:416)
at java.util.ArrayList.forEach(Unknown Source)
... Removed 31 stack frames]]>
    </failure>
  </testcase> <!-- procedurecodeDescriptionTest on 6 -->
  <testcase name="providerNameTest on 6" time="0.113" classname="ct.Testcases.CostTransparencyFields"/>
  <testcase name="providerAddressTest on 6" time="0.101" classname="ct.Testcases.CostTransparencyFields"/>
  <testcase name="providerCityTest on 6" time="0.091" classname="ct.Testcases.CostTransparencyFields"/>
  <testcase name="providerStateTest on 6" time="0.106" classname="ct.Testcases.CostTransparencyFields"/>
  <testcase name="providerZipcodeTest on 6" time="0.087" classname="ct.Testcases.CostTransparencyFields"/>
  <testcase name="providerSpecialityTest on 6" time="0.093" classname="ct.Testcases.CostTransparencyFields"/>
  <testcase name="providerNetworkStatusTest on 6" time="0.086" classname="ct.Testcases.CostTransparencyFields"/>
  <testcase name="memberIdentifierTest on 7" time="0.108" classname="ct.Testcases.CostTransparencyFields"/>
  <testcase name="HICNTest on 7" time="0.08" classname="ct.Testcases.CostTransparencyFields"/>
  <testcase name="firstNameTest on 7" time="0.09" classname="ct.Testcases.CostTransparencyFields"/>
  <testcase name="dateOfBirthTest on 7" time="0.09" classname="ct.Testcases.CostTransparencyFields"/>
  <testcase name="primaryPhoneTest on 7" time="0.09" classname="ct.Testcases.CostTransparencyFields"/>
  <testcase name="primaryLanguageTest on 7" time="0.085" classname="ct.Testcases.CostTransparencyFields"/>
  <testcase name="addressTest on 7" time="0.104" classname="ct.Testcases.CostTransparencyFields"/>
  <testcase name="cityTest on 7" time="0.102" classname="ct.Testcases.CostTransparencyFields"/>
  <testcase name="stateTest on 7" time="0.104" classname="ct.Testcases.CostTransparencyFields"/>
  <testcase name="zipCodeTest on 7" time="0.101" classname="ct.Testcases.CostTransparencyFields"/>
  <testcase name="planTest on 7" time="0.091" classname="ct.Testcases.CostTransparencyFields"/>
  <testcase name="planNameTest on 7" time="0.084" classname="ct.Testcases.CostTransparencyFields"/>
  <testcase name="deductibeSpentOutNetworkTest on 7" time="0.085" classname="ct.Testcases.CostTransparencyFields"/>
  <testcase name="deductibeLimitOutNetworkTest on 7" time="0.086" classname="ct.Testcases.CostTransparencyFields"/>
  <testcase name="deductibeSpentInNetworkTest on 7" time="0.098" classname="ct.Testcases.CostTransparencyFields"/>
  <testcase name="deductibeLimitInNetworkTest on 7" time="0.106" classname="ct.Testcases.CostTransparencyFields"/>
  <testcase name="oopSpentOutNetworkTest on 7" time="0.1" classname="ct.Testcases.CostTransparencyFields"/>
  <testcase name="oopLimitOutNetworkTest on 7" time="0.095" classname="ct.Testcases.CostTransparencyFields"/>
  <testcase name="oopSpentInNetworkTest on 7" time="0.093" classname="ct.Testcases.CostTransparencyFields"/>
  <testcase name="oopLimitInNetworkTest on 7" time="0.081" classname="ct.Testcases.CostTransparencyFields"/>
  <testcase name="serviceRefrenceNumberTest on 7" time="0.287" classname="ct.Testcases.CostTransparencyFields"/>
  <testcase name="hscIdTest on 7" time="0.083" classname="ct.Testcases.CostTransparencyFields"/>
  <testcase name="dateOfProcedureTest on 7" time="0.086" classname="ct.Testcases.CostTransparencyFields"/>
  <testcase name="procedureCodeTest on 7" time="0.088" classname="ct.Testcases.CostTransparencyFields"/>
  <testcase name="facilityTest on 7" time="0.086" classname="ct.Testcases.CostTransparencyFields"/>
  <testcase name="procedurecodeDescriptionTest on 7" time="0.089" classname="ct.Testcases.CostTransparencyFields">
    <failure type="java.lang.AssertionError" message="procedureCodeDescription is mismatched expected [] but found [22842]">
      <![CDATA[java.lang.AssertionError: procedureCodeDescription is mismatched expected [] but found [22842]
at ct.Testcases.CostTransparencyFields.procedurecodeDescriptionTest(CostTransparencyFields.java:416)
at java.util.ArrayList.forEach(Unknown Source)
... Removed 31 stack frames]]>
    </failure>
  </testcase> <!-- procedurecodeDescriptionTest on 7 -->
  <testcase name="providerNameTest on 7" time="0.12" classname="ct.Testcases.CostTransparencyFields"/>
  <testcase name="providerAddressTest on 7" time="0.088" classname="ct.Testcases.CostTransparencyFields"/>
  <testcase name="providerCityTest on 7" time="0.119" classname="ct.Testcases.CostTransparencyFields"/>
  <testcase name="providerStateTest on 7" time="0.087" classname="ct.Testcases.CostTransparencyFields"/>
  <testcase name="providerZipcodeTest on 7" time="0.088" classname="ct.Testcases.CostTransparencyFields"/>
  <testcase name="providerSpecialityTest on 7" time="0.087" classname="ct.Testcases.CostTransparencyFields"/>
  <testcase name="providerNetworkStatusTest on 7" time="0.09" classname="ct.Testcases.CostTransparencyFields"/>
  <testcase name="memberIdentifierTest on 8" time="0.098" classname="ct.Testcases.CostTransparencyFields"/>
  <testcase name="HICNTest on 8" time="0.099" classname="ct.Testcases.CostTransparencyFields"/>
  <testcase name="firstNameTest on 8" time="0.102" classname="ct.Testcases.CostTransparencyFields"/>
  <testcase name="dateOfBirthTest on 8" time="0.082" classname="ct.Testcases.CostTransparencyFields"/>
  <testcase name="primaryPhoneTest on 8" time="0.085" classname="ct.Testcases.CostTransparencyFields"/>
  <testcase name="primaryLanguageTest on 8" time="0.086" classname="ct.Testcases.CostTransparencyFields"/>
  <testcase name="addressTest on 8" time="0.086" classname="ct.Testcases.CostTransparencyFields"/>
  <testcase name="cityTest on 8" time="0.092" classname="ct.Testcases.CostTransparencyFields"/>
  <testcase name="stateTest on 8" time="0.096" classname="ct.Testcases.CostTransparencyFields"/>
  <testcase name="zipCodeTest on 8" time="0.1" classname="ct.Testcases.CostTransparencyFields"/>
  <testcase name="planTest on 8" time="0.089" classname="ct.Testcases.CostTransparencyFields"/>
  <testcase name="planNameTest on 8" time="0.089" classname="ct.Testcases.CostTransparencyFields"/>
  <testcase name="deductibeSpentOutNetworkTest on 8" time="0.079" classname="ct.Testcases.CostTransparencyFields"/>
  <testcase name="deductibeLimitOutNetworkTest on 8" time="0.09" classname="ct.Testcases.CostTransparencyFields"/>
  <testcase name="deductibeSpentInNetworkTest on 8" time="0.087" classname="ct.Testcases.CostTransparencyFields"/>
  <testcase name="deductibeLimitInNetworkTest on 8" time="0.08" classname="ct.Testcases.CostTransparencyFields"/>
  <testcase name="oopSpentOutNetworkTest on 8" time="0.086" classname="ct.Testcases.CostTransparencyFields"/>
  <testcase name="oopLimitOutNetworkTest on 8" time="0.086" classname="ct.Testcases.CostTransparencyFields"/>
  <testcase name="oopSpentInNetworkTest on 8" time="0.091" classname="ct.Testcases.CostTransparencyFields"/>
  <testcase name="oopLimitInNetworkTest on 8" time="0.085" classname="ct.Testcases.CostTransparencyFields"/>
  <testcase name="serviceRefrenceNumberTest on 8" time="0.258" classname="ct.Testcases.CostTransparencyFields"/>
  <testcase name="hscIdTest on 8" time="0.085" classname="ct.Testcases.CostTransparencyFields"/>
  <testcase name="dateOfProcedureTest on 8" time="0.09" classname="ct.Testcases.CostTransparencyFields"/>
  <testcase name="procedureCodeTest on 8" time="0.092" classname="ct.Testcases.CostTransparencyFields"/>
  <testcase name="facilityTest on 8" time="0.087" classname="ct.Testcases.CostTransparencyFields"/>
  <testcase name="procedurecodeDescriptionTest on 8" time="0.086" classname="ct.Testcases.CostTransparencyFields">
    <failure type="java.lang.AssertionError" message="procedureCodeDescription is mismatched expected [] but found [22850]">
      <![CDATA[java.lang.AssertionError: procedureCodeDescription is mismatched expected [] but found [22850]
at ct.Testcases.CostTransparencyFields.procedurecodeDescriptionTest(CostTransparencyFields.java:416)
at java.util.ArrayList.forEach(Unknown Source)
... Removed 31 stack frames]]>
    </failure>
  </testcase> <!-- procedurecodeDescriptionTest on 8 -->
  <testcase name="providerNameTest on 8" time="0.093" classname="ct.Testcases.CostTransparencyFields"/>
  <testcase name="providerAddressTest on 8" time="0.086" classname="ct.Testcases.CostTransparencyFields"/>
  <testcase name="providerCityTest on 8" time="0.086" classname="ct.Testcases.CostTransparencyFields"/>
  <testcase name="providerStateTest on 8" time="0.083" classname="ct.Testcases.CostTransparencyFields"/>
  <testcase name="providerZipcodeTest on 8" time="0.09" classname="ct.Testcases.CostTransparencyFields"/>
  <testcase name="providerSpecialityTest on 8" time="0.089" classname="ct.Testcases.CostTransparencyFields"/>
  <testcase name="providerNetworkStatusTest on 8" time="0.089" classname="ct.Testcases.CostTransparencyFields"/>
</testsuite> <!-- CTValidation -->
