<?xml version="1.0" encoding="UTF-8"?>
<testng-results skipped="0" failed="0" ignored="10" total="220" passed="210">
  <reporter-output>
  </reporter-output>
  <suite name="CostTransparency" duration-ms="655415" started-at="2020-10-12T14:51:50 IST" finished-at="2020-10-12T15:02:45 IST">
    <groups>
      <group name="smoke">
        <method signature="CostTransparencySurgeryExpected.appActualEstimationDBTest()[pri:16, instance:ct.Testcases.CostTransparencySurgeryExpected@3e74829]" name="appActualEstimationDBTest" class="ct.Testcases.CostTransparencySurgeryExpected"/>
        <method signature="CostTransparencySurgeryExpected.deleteCostTypeTest()[pri:27, instance:ct.Testcases.CostTransparencySurgeryExpected@3e74829]" name="deleteCostTypeTest" class="ct.Testcases.CostTransparencySurgeryExpected"/>
        <method signature="CostTransparencySurgeryExpected.editOnlyQuantityTest()[pri:32, instance:ct.Testcases.CostTransparencySurgeryExpected@3e74829]" name="editOnlyQuantityTest" class="ct.Testcases.CostTransparencySurgeryExpected"/>
        <method signature="CostTransparencySurgeryExpected.estimatedMemberOOPVsNetworkCostTest()[pri:31, instance:ct.Testcases.CostTransparencySurgeryExpected@3e74829]" name="estimatedMemberOOPVsNetworkCostTest" class="ct.Testcases.CostTransparencySurgeryExpected"/>
        <method signature="CostTransparencySurgeryExpected.getTotalInNetworkAmtForSurgeryTest()[pri:1, instance:ct.Testcases.CostTransparencySurgeryExpected@3e74829]" name="getTotalInNetworkAmtForSurgeryTest" class="ct.Testcases.CostTransparencySurgeryExpected"/>
        <method signature="CostTransparencySurgeryExpected.getTotalOutNetworkAmtForSurgeryTest()[pri:2, instance:ct.Testcases.CostTransparencySurgeryExpected@3e74829]" name="getTotalOutNetworkAmtForSurgeryTest" class="ct.Testcases.CostTransparencySurgeryExpected"/>
        <method signature="CostTransparencySurgeryExpected.oneTwentyDaysPastSwitchToOriginalDataDBTest()[pri:30, instance:ct.Testcases.CostTransparencySurgeryExpected@3e74829]" name="oneTwentyDaysPastSwitchToOriginalDataDBTest" class="ct.Testcases.CostTransparencySurgeryExpected"/>
        <method signature="CostTransparencySurgeryExpected.resetDBTest()[pri:19, instance:ct.Testcases.CostTransparencySurgeryExpected@3e74829]" name="resetDBTest" class="ct.Testcases.CostTransparencySurgeryExpected"/>
        <method signature="CostTransparencySurgeryExpected.resetGUITest()[pri:18, instance:ct.Testcases.CostTransparencySurgeryExpected@3e74829]" name="resetGUITest" class="ct.Testcases.CostTransparencySurgeryExpected"/>
        <method signature="CostTransparencySurgeryExpected.resetStatusMessageTest()[pri:17, instance:ct.Testcases.CostTransparencySurgeryExpected@3e74829]" name="resetStatusMessageTest" class="ct.Testcases.CostTransparencySurgeryExpected"/>
        <method signature="CostTransparencySurgeryExpected.saveCostTypeGUITest()[pri:13, instance:ct.Testcases.CostTransparencySurgeryExpected@3e74829]" name="saveCostTypeGUITest" class="ct.Testcases.CostTransparencySurgeryExpected"/>
        <method signature="CostTransparencySurgeryExpected.saveMainCostTypeTest()[pri:14, instance:ct.Testcases.CostTransparencySurgeryExpected@3e74829]" name="saveMainCostTypeTest" class="ct.Testcases.CostTransparencySurgeryExpected"/>
        <method signature="CostTransparencySurgeryExpected.saveMessageTest()[pri:15, instance:ct.Testcases.CostTransparencySurgeryExpected@3e74829]" name="saveMessageTest" class="ct.Testcases.CostTransparencySurgeryExpected"/>
        <method signature="CostTransparencySurgeryExpected.switchToOriginalDataDBTest()[pri:29, instance:ct.Testcases.CostTransparencySurgeryExpected@3e74829]" name="switchToOriginalDataDBTest" class="ct.Testcases.CostTransparencySurgeryExpected"/>
        <method signature="CostTransparencySurgeryExpected.switchToOriginalDataTest()[pri:28, instance:ct.Testcases.CostTransparencySurgeryExpected@3e74829]" name="switchToOriginalDataTest" class="ct.Testcases.CostTransparencySurgeryExpected"/>
        <method signature="CostTransparencyLabel.verifyDuringTableHeaders()[pri:44, instance:ct.Testcases.CostTransparencyLabel@44c73c26]" name="verifyDuringTableHeaders" class="ct.Testcases.CostTransparencyLabel"/>
        <method signature="CostTransparencyLabel.verifyLabelAddress()[pri:8, instance:ct.Testcases.CostTransparencyLabel@44c73c26]" name="verifyLabelAddress" class="ct.Testcases.CostTransparencyLabel"/>
        <method signature="CostTransparencyLabel.verifyLabelCCSCategory()[pri:36, instance:ct.Testcases.CostTransparencyLabel@44c73c26]" name="verifyLabelCCSCategory" class="ct.Testcases.CostTransparencyLabel"/>
        <method signature="CostTransparencyLabel.verifyLabelCity()[pri:9, instance:ct.Testcases.CostTransparencyLabel@44c73c26]" name="verifyLabelCity" class="ct.Testcases.CostTransparencyLabel"/>
        <method signature="CostTransparencyLabel.verifyLabelDOB()[pri:4, instance:ct.Testcases.CostTransparencyLabel@44c73c26]" name="verifyLabelDOB" class="ct.Testcases.CostTransparencyLabel"/>
        <method signature="CostTransparencyLabel.verifyLabelDateofProcedure()[pri:24, instance:ct.Testcases.CostTransparencyLabel@44c73c26]" name="verifyLabelDateofProcedure" class="ct.Testcases.CostTransparencyLabel"/>
        <method signature="CostTransparencyLabel.verifyLabelDeductibeLimitInNetwork()[pri:17, instance:ct.Testcases.CostTransparencyLabel@44c73c26]" name="verifyLabelDeductibeLimitInNetwork" class="ct.Testcases.CostTransparencyLabel"/>
        <method signature="CostTransparencyLabel.verifyLabelDeductibeLimitOutNetwork()[pri:15, instance:ct.Testcases.CostTransparencyLabel@44c73c26]" name="verifyLabelDeductibeLimitOutNetwork" class="ct.Testcases.CostTransparencyLabel"/>
        <method signature="CostTransparencyLabel.verifyLabelDeductibeSpendInNetwork()[pri:16, instance:ct.Testcases.CostTransparencyLabel@44c73c26]" name="verifyLabelDeductibeSpendInNetwork" class="ct.Testcases.CostTransparencyLabel"/>
        <method signature="CostTransparencyLabel.verifyLabelDeductibeSpendOutNetwork()[pri:14, instance:ct.Testcases.CostTransparencyLabel@44c73c26]" name="verifyLabelDeductibeSpendOutNetwork" class="ct.Testcases.CostTransparencyLabel"/>
        <method signature="CostTransparencyLabel.verifyLabelDiagnosis()[pri:37, instance:ct.Testcases.CostTransparencyLabel@44c73c26]" name="verifyLabelDiagnosis" class="ct.Testcases.CostTransparencyLabel"/>
        <method signature="CostTransparencyLabel.verifyLabelFacility()[pri:26, instance:ct.Testcases.CostTransparencyLabel@44c73c26]" name="verifyLabelFacility" class="ct.Testcases.CostTransparencyLabel"/>
        <method signature="CostTransparencyLabel.verifyLabelHICN()[pri:5, instance:ct.Testcases.CostTransparencyLabel@44c73c26]" name="verifyLabelHICN" class="ct.Testcases.CostTransparencyLabel"/>
        <method signature="CostTransparencyLabel.verifyLabelHSCID()[pri:23, instance:ct.Testcases.CostTransparencyLabel@44c73c26]" name="verifyLabelHSCID" class="ct.Testcases.CostTransparencyLabel"/>
        <method signature="CostTransparencyLabel.verifyLabelLanguage()[pri:7, instance:ct.Testcases.CostTransparencyLabel@44c73c26]" name="verifyLabelLanguage" class="ct.Testcases.CostTransparencyLabel"/>
        <method signature="CostTransparencyLabel.verifyLabelMBI()[pri:6, instance:ct.Testcases.CostTransparencyLabel@44c73c26]" name="verifyLabelMBI" class="ct.Testcases.CostTransparencyLabel"/>
        <method signature="CostTransparencyLabel.verifyLabelMebDemoGraphic()[pri:1, instance:ct.Testcases.CostTransparencyLabel@44c73c26]" name="verifyLabelMebDemoGraphic" class="ct.Testcases.CostTransparencyLabel"/>
        <method signature="CostTransparencyLabel.verifyLabelName()[pri:2, instance:ct.Testcases.CostTransparencyLabel@44c73c26]" name="verifyLabelName" class="ct.Testcases.CostTransparencyLabel"/>
        <method signature="CostTransparencyLabel.verifyLabelOOPLimitInNetwork()[pri:21, instance:ct.Testcases.CostTransparencyLabel@44c73c26]" name="verifyLabelOOPLimitInNetwork" class="ct.Testcases.CostTransparencyLabel"/>
        <method signature="CostTransparencyLabel.verifyLabelOOPLimitOutNetwork()[pri:19, instance:ct.Testcases.CostTransparencyLabel@44c73c26]" name="verifyLabelOOPLimitOutNetwork" class="ct.Testcases.CostTransparencyLabel"/>
        <method signature="CostTransparencyLabel.verifyLabelOOPSpendInNetwork()[pri:20, instance:ct.Testcases.CostTransparencyLabel@44c73c26]" name="verifyLabelOOPSpendInNetwork" class="ct.Testcases.CostTransparencyLabel"/>
        <method signature="CostTransparencyLabel.verifyLabelOOPSpendOutNetwork()[pri:18, instance:ct.Testcases.CostTransparencyLabel@44c73c26]" name="verifyLabelOOPSpendOutNetwork" class="ct.Testcases.CostTransparencyLabel"/>
        <method signature="CostTransparencyLabel.verifyLabelPhoneNo()[pri:3, instance:ct.Testcases.CostTransparencyLabel@44c73c26]" name="verifyLabelPhoneNo" class="ct.Testcases.CostTransparencyLabel"/>
        <method signature="CostTransparencyLabel.verifyLabelPlan()[pri:12, instance:ct.Testcases.CostTransparencyLabel@44c73c26]" name="verifyLabelPlan" class="ct.Testcases.CostTransparencyLabel"/>
        <method signature="CostTransparencyLabel.verifyLabelPlanInfo()[pri:11, instance:ct.Testcases.CostTransparencyLabel@44c73c26]" name="verifyLabelPlanInfo" class="ct.Testcases.CostTransparencyLabel"/>
        <method signature="CostTransparencyLabel.verifyLabelPlanName()[pri:13, instance:ct.Testcases.CostTransparencyLabel@44c73c26]" name="verifyLabelPlanName" class="ct.Testcases.CostTransparencyLabel"/>
        <method signature="CostTransparencyLabel.verifyLabelPriorAuthInfo()[pri:22, instance:ct.Testcases.CostTransparencyLabel@44c73c26]" name="verifyLabelPriorAuthInfo" class="ct.Testcases.CostTransparencyLabel"/>
        <method signature="CostTransparencyLabel.verifyLabelProcedureCode()[pri:25, instance:ct.Testcases.CostTransparencyLabel@44c73c26]" name="verifyLabelProcedureCode" class="ct.Testcases.CostTransparencyLabel"/>
        <method signature="CostTransparencyLabel.verifyLabelProviderAddress()[pri:30, instance:ct.Testcases.CostTransparencyLabel@44c73c26]" name="verifyLabelProviderAddress" class="ct.Testcases.CostTransparencyLabel"/>
        <method signature="CostTransparencyLabel.verifyLabelProviderCity()[pri:32, instance:ct.Testcases.CostTransparencyLabel@44c73c26]" name="verifyLabelProviderCity" class="ct.Testcases.CostTransparencyLabel"/>
        <method signature="CostTransparencyLabel.verifyLabelProviderInfo()[pri:28, instance:ct.Testcases.CostTransparencyLabel@44c73c26]" name="verifyLabelProviderInfo" class="ct.Testcases.CostTransparencyLabel"/>
        <method signature="CostTransparencyLabel.verifyLabelProviderName()[pri:29, instance:ct.Testcases.CostTransparencyLabel@44c73c26]" name="verifyLabelProviderName" class="ct.Testcases.CostTransparencyLabel"/>
        <method signature="CostTransparencyLabel.verifyLabelProviderNetworkStatus()[pri:35, instance:ct.Testcases.CostTransparencyLabel@44c73c26]" name="verifyLabelProviderNetworkStatus" class="ct.Testcases.CostTransparencyLabel"/>
        <method signature="CostTransparencyLabel.verifyLabelProviderSpeciality()[pri:34, instance:ct.Testcases.CostTransparencyLabel@44c73c26]" name="verifyLabelProviderSpeciality" class="ct.Testcases.CostTransparencyLabel"/>
        <method signature="CostTransparencyLabel.verifyLabelProviderState()[pri:31, instance:ct.Testcases.CostTransparencyLabel@44c73c26]" name="verifyLabelProviderState" class="ct.Testcases.CostTransparencyLabel"/>
        <method signature="CostTransparencyLabel.verifyLabelProviderZip()[pri:33, instance:ct.Testcases.CostTransparencyLabel@44c73c26]" name="verifyLabelProviderZip" class="ct.Testcases.CostTransparencyLabel"/>
        <method signature="CostTransparencyLabel.verifyLabelReferanceNo()[pri:27, instance:ct.Testcases.CostTransparencyLabel@44c73c26]" name="verifyLabelReferanceNo" class="ct.Testcases.CostTransparencyLabel"/>
        <method signature="CostTransparencyLabel.verifyLabelState()[pri:10, instance:ct.Testcases.CostTransparencyLabel@44c73c26]" name="verifyLabelState" class="ct.Testcases.CostTransparencyLabel"/>
        <method signature="CostTransparencyLabel.verifyLabelSurgeryExpected()[pri:38, instance:ct.Testcases.CostTransparencyLabel@44c73c26]" name="verifyLabelSurgeryExpected" class="ct.Testcases.CostTransparencyLabel"/>
        <method signature="CostTransparencyLabel.verifyLabelSurgeryNotExpected()[pri:39, instance:ct.Testcases.CostTransparencyLabel@44c73c26]" name="verifyLabelSurgeryNotExpected" class="ct.Testcases.CostTransparencyLabel"/>
        <method signature="CostTransparencyLabel.verifyLabelTable()[pri:48, instance:ct.Testcases.CostTransparencyLabel@44c73c26]" name="verifyLabelTable" class="ct.Testcases.CostTransparencyLabel"/>
        <method signature="CostTransparencyLabel.verifyLabelTotalIn()[pri:46, instance:ct.Testcases.CostTransparencyLabel@44c73c26]" name="verifyLabelTotalIn" class="ct.Testcases.CostTransparencyLabel"/>
        <method signature="CostTransparencyLabel.verifyLabelTotalOut()[pri:47, instance:ct.Testcases.CostTransparencyLabel@44c73c26]" name="verifyLabelTotalOut" class="ct.Testcases.CostTransparencyLabel"/>
        <method signature="CostTransparencyLabel.verifyLabelbuttonGoToSearch()[pri:42, instance:ct.Testcases.CostTransparencyLabel@44c73c26]" name="verifyLabelbuttonGoToSearch" class="ct.Testcases.CostTransparencyLabel"/>
        <method signature="CostTransparencyLabel.verifyLabelbuttonReset()[pri:40, instance:ct.Testcases.CostTransparencyLabel@44c73c26]" name="verifyLabelbuttonReset" class="ct.Testcases.CostTransparencyLabel"/>
        <method signature="CostTransparencyLabel.verifyLabelbuttonSave()[pri:41, instance:ct.Testcases.CostTransparencyLabel@44c73c26]" name="verifyLabelbuttonSave" class="ct.Testcases.CostTransparencyLabel"/>
        <method signature="CostTransparencyLabel.verifyPostTableHeaders()[pri:45, instance:ct.Testcases.CostTransparencyLabel@44c73c26]" name="verifyPostTableHeaders" class="ct.Testcases.CostTransparencyLabel"/>
        <method signature="CostTransparencyLabel.verifyPreTableHeaders()[pri:43, instance:ct.Testcases.CostTransparencyLabel@44c73c26]" name="verifyPreTableHeaders" class="ct.Testcases.CostTransparencyLabel"/>
      </group> <!-- smoke -->
    </groups>
    <test name="CTFieldsTest" duration-ms="120597" started-at="2020-10-12T14:51:50 IST" finished-at="2020-10-12T14:53:50 IST">
      <class name="ct.Testcases.CostTransparencyFields">
        <test-method status="PASS" signature="setUp()[pri:0, instance:4]" name="setUp" is-config="true" duration-ms="16622" started-at="2020-10-12T14:51:50 IST" finished-at="2020-10-12T14:52:07 IST">
          <reporter-output>
          </reporter-output>
        </test-method> <!-- setUp -->
        <test-method status="PASS" signature="startBrowser()[pri:0, instance:4]" name="startBrowser" is-config="true" duration-ms="19518" started-at="2020-10-12T14:52:07 IST" finished-at="2020-10-12T14:52:26 IST">
          <reporter-output>
          </reporter-output>
        </test-method> <!-- startBrowser -->
        <test-method status="PASS" signature="memberIdentifierTest()[pri:1, instance:1, instance params:[{ProviderLastName=, Primary Phone=7048548191, FirstName=ROBERT, Facility=, City=GASTONIA, Primary Language=ENGLISH, Network Status=, Sno=1, Procedure Code Description=, OOP Spent In Network=3600.0000000000005, HICN=1DF2FV4CT07, OOP Spent Out Network=0.0, OOP Limit Out Network=No Limit to Out-of-Pocket Expenses, AutomationStatusDescription=, Plan=H5253-037, Deductibe Spent In Network=0.0, Procedure Code=, DOB=1944-03-13 00:00:00.0000000, OOP Limit In Network=$3,600.00, HSC ID=, ZipCode=28056, ProviderZipCode=, State=NC, Address=2212 WATER OAK LN, MBI=1DF2FV4CT07, ProviderAddress=, Speciality=, ProviderCity=, Service Reference Number=, Date of Procedure=, Deductibe Limit In Network=$0.00, ProviderState=, CCS Category=SPONDYLOSIS; INTERVERTEBRAL DISC DISORDERS; OTHER BACK PROBLEMS, Deductibe Spent Out Network=0.0, Deductibe Limit Out Network=$0.00, ProviderFirstName=, Plan Name=AARP Medicare Advantage Plan 1 (HMO-POS), LastName=LAWRENCE}]]" name="memberIdentifierTest" duration-ms="4449" started-at="2020-10-12T14:52:26 IST" finished-at="2020-10-12T14:52:31 IST">
          <reporter-output>
          </reporter-output>
        </test-method> <!-- memberIdentifierTest -->
        <test-method status="PASS" signature="startBrowser()[pri:0, instance:4]" name="startBrowser" is-config="true" duration-ms="0" started-at="2020-10-12T14:52:31 IST" finished-at="2020-10-12T14:52:31 IST">
          <reporter-output>
          </reporter-output>
        </test-method> <!-- startBrowser -->
        <test-method status="PASS" signature="HICNTest()[pri:2, instance:1, instance params:[{ProviderLastName=, Primary Phone=7048548191, FirstName=ROBERT, Facility=, City=GASTONIA, Primary Language=ENGLISH, Network Status=, Sno=1, Procedure Code Description=, OOP Spent In Network=3600.0000000000005, HICN=1DF2FV4CT07, OOP Spent Out Network=0.0, OOP Limit Out Network=No Limit to Out-of-Pocket Expenses, AutomationStatusDescription=, Plan=H5253-037, Deductibe Spent In Network=0.0, Procedure Code=, DOB=1944-03-13 00:00:00.0000000, OOP Limit In Network=$3,600.00, HSC ID=, ZipCode=28056, ProviderZipCode=, State=NC, Address=2212 WATER OAK LN, MBI=1DF2FV4CT07, ProviderAddress=, Speciality=, ProviderCity=, Service Reference Number=, Date of Procedure=, Deductibe Limit In Network=$0.00, ProviderState=, CCS Category=SPONDYLOSIS; INTERVERTEBRAL DISC DISORDERS; OTHER BACK PROBLEMS, Deductibe Spent Out Network=0.0, Deductibe Limit Out Network=$0.00, ProviderFirstName=, Plan Name=AARP Medicare Advantage Plan 1 (HMO-POS), LastName=LAWRENCE}]]" name="HICNTest" duration-ms="158" started-at="2020-10-12T14:52:31 IST" finished-at="2020-10-12T14:52:31 IST">
          <reporter-output>
          </reporter-output>
        </test-method> <!-- HICNTest -->
        <test-method status="PASS" signature="startBrowser()[pri:0, instance:4]" name="startBrowser" is-config="true" duration-ms="1" started-at="2020-10-12T14:52:31 IST" finished-at="2020-10-12T14:52:31 IST">
          <reporter-output>
          </reporter-output>
        </test-method> <!-- startBrowser -->
        <test-method status="PASS" signature="firstNameTest()[pri:3, instance:1, instance params:[{ProviderLastName=, Primary Phone=7048548191, FirstName=ROBERT, Facility=, City=GASTONIA, Primary Language=ENGLISH, Network Status=, Sno=1, Procedure Code Description=, OOP Spent In Network=3600.0000000000005, HICN=1DF2FV4CT07, OOP Spent Out Network=0.0, OOP Limit Out Network=No Limit to Out-of-Pocket Expenses, AutomationStatusDescription=, Plan=H5253-037, Deductibe Spent In Network=0.0, Procedure Code=, DOB=1944-03-13 00:00:00.0000000, OOP Limit In Network=$3,600.00, HSC ID=, ZipCode=28056, ProviderZipCode=, State=NC, Address=2212 WATER OAK LN, MBI=1DF2FV4CT07, ProviderAddress=, Speciality=, ProviderCity=, Service Reference Number=, Date of Procedure=, Deductibe Limit In Network=$0.00, ProviderState=, CCS Category=SPONDYLOSIS; INTERVERTEBRAL DISC DISORDERS; OTHER BACK PROBLEMS, Deductibe Spent Out Network=0.0, Deductibe Limit Out Network=$0.00, ProviderFirstName=, Plan Name=AARP Medicare Advantage Plan 1 (HMO-POS), LastName=LAWRENCE}]]" name="firstNameTest" duration-ms="147" started-at="2020-10-12T14:52:31 IST" finished-at="2020-10-12T14:52:31 IST">
          <reporter-output>
          </reporter-output>
        </test-method> <!-- firstNameTest -->
        <test-method status="PASS" signature="startBrowser()[pri:0, instance:4]" name="startBrowser" is-config="true" duration-ms="0" started-at="2020-10-12T14:52:31 IST" finished-at="2020-10-12T14:52:31 IST">
          <reporter-output>
          </reporter-output>
        </test-method> <!-- startBrowser -->
        <test-method status="PASS" signature="dateOfBirthTest()[pri:4, instance:1, instance params:[{ProviderLastName=, Primary Phone=7048548191, FirstName=ROBERT, Facility=, City=GASTONIA, Primary Language=ENGLISH, Network Status=, Sno=1, Procedure Code Description=, OOP Spent In Network=3600.0000000000005, HICN=1DF2FV4CT07, OOP Spent Out Network=0.0, OOP Limit Out Network=No Limit to Out-of-Pocket Expenses, AutomationStatusDescription=, Plan=H5253-037, Deductibe Spent In Network=0.0, Procedure Code=, DOB=1944-03-13 00:00:00.0000000, OOP Limit In Network=$3,600.00, HSC ID=, ZipCode=28056, ProviderZipCode=, State=NC, Address=2212 WATER OAK LN, MBI=1DF2FV4CT07, ProviderAddress=, Speciality=, ProviderCity=, Service Reference Number=, Date of Procedure=, Deductibe Limit In Network=$0.00, ProviderState=, CCS Category=SPONDYLOSIS; INTERVERTEBRAL DISC DISORDERS; OTHER BACK PROBLEMS, Deductibe Spent Out Network=0.0, Deductibe Limit Out Network=$0.00, ProviderFirstName=, Plan Name=AARP Medicare Advantage Plan 1 (HMO-POS), LastName=LAWRENCE}]]" name="dateOfBirthTest" duration-ms="167" started-at="2020-10-12T14:52:31 IST" finished-at="2020-10-12T14:52:31 IST">
          <reporter-output>
          </reporter-output>
        </test-method> <!-- dateOfBirthTest -->
        <test-method status="PASS" signature="startBrowser()[pri:0, instance:4]" name="startBrowser" is-config="true" duration-ms="0" started-at="2020-10-12T14:52:31 IST" finished-at="2020-10-12T14:52:31 IST">
          <reporter-output>
          </reporter-output>
        </test-method> <!-- startBrowser -->
        <test-method status="PASS" signature="primaryPhoneTest()[pri:5, instance:1, instance params:[{ProviderLastName=, Primary Phone=7048548191, FirstName=ROBERT, Facility=, City=GASTONIA, Primary Language=ENGLISH, Network Status=, Sno=1, Procedure Code Description=, OOP Spent In Network=3600.0000000000005, HICN=1DF2FV4CT07, OOP Spent Out Network=0.0, OOP Limit Out Network=No Limit to Out-of-Pocket Expenses, AutomationStatusDescription=, Plan=H5253-037, Deductibe Spent In Network=0.0, Procedure Code=, DOB=1944-03-13 00:00:00.0000000, OOP Limit In Network=$3,600.00, HSC ID=, ZipCode=28056, ProviderZipCode=, State=NC, Address=2212 WATER OAK LN, MBI=1DF2FV4CT07, ProviderAddress=, Speciality=, ProviderCity=, Service Reference Number=, Date of Procedure=, Deductibe Limit In Network=$0.00, ProviderState=, CCS Category=SPONDYLOSIS; INTERVERTEBRAL DISC DISORDERS; OTHER BACK PROBLEMS, Deductibe Spent Out Network=0.0, Deductibe Limit Out Network=$0.00, ProviderFirstName=, Plan Name=AARP Medicare Advantage Plan 1 (HMO-POS), LastName=LAWRENCE}]]" name="primaryPhoneTest" duration-ms="139" started-at="2020-10-12T14:52:31 IST" finished-at="2020-10-12T14:52:31 IST">
          <reporter-output>
          </reporter-output>
        </test-method> <!-- primaryPhoneTest -->
        <test-method status="PASS" signature="startBrowser()[pri:0, instance:4]" name="startBrowser" is-config="true" duration-ms="1" started-at="2020-10-12T14:52:31 IST" finished-at="2020-10-12T14:52:31 IST">
          <reporter-output>
          </reporter-output>
        </test-method> <!-- startBrowser -->
        <test-method status="PASS" signature="primaryLanguageTest()[pri:6, instance:1, instance params:[{ProviderLastName=, Primary Phone=7048548191, FirstName=ROBERT, Facility=, City=GASTONIA, Primary Language=ENGLISH, Network Status=, Sno=1, Procedure Code Description=, OOP Spent In Network=3600.0000000000005, HICN=1DF2FV4CT07, OOP Spent Out Network=0.0, OOP Limit Out Network=No Limit to Out-of-Pocket Expenses, AutomationStatusDescription=, Plan=H5253-037, Deductibe Spent In Network=0.0, Procedure Code=, DOB=1944-03-13 00:00:00.0000000, OOP Limit In Network=$3,600.00, HSC ID=, ZipCode=28056, ProviderZipCode=, State=NC, Address=2212 WATER OAK LN, MBI=1DF2FV4CT07, ProviderAddress=, Speciality=, ProviderCity=, Service Reference Number=, Date of Procedure=, Deductibe Limit In Network=$0.00, ProviderState=, CCS Category=SPONDYLOSIS; INTERVERTEBRAL DISC DISORDERS; OTHER BACK PROBLEMS, Deductibe Spent Out Network=0.0, Deductibe Limit Out Network=$0.00, ProviderFirstName=, Plan Name=AARP Medicare Advantage Plan 1 (HMO-POS), LastName=LAWRENCE}]]" name="primaryLanguageTest" duration-ms="164" started-at="2020-10-12T14:52:31 IST" finished-at="2020-10-12T14:52:31 IST">
          <reporter-output>
          </reporter-output>
        </test-method> <!-- primaryLanguageTest -->
        <test-method status="PASS" signature="startBrowser()[pri:0, instance:4]" name="startBrowser" is-config="true" duration-ms="0" started-at="2020-10-12T14:52:31 IST" finished-at="2020-10-12T14:52:31 IST">
          <reporter-output>
          </reporter-output>
        </test-method> <!-- startBrowser -->
        <test-method status="PASS" signature="addressTest()[pri:7, instance:1, instance params:[{ProviderLastName=, Primary Phone=7048548191, FirstName=ROBERT, Facility=, City=GASTONIA, Primary Language=ENGLISH, Network Status=, Sno=1, Procedure Code Description=, OOP Spent In Network=3600.0000000000005, HICN=1DF2FV4CT07, OOP Spent Out Network=0.0, OOP Limit Out Network=No Limit to Out-of-Pocket Expenses, AutomationStatusDescription=, Plan=H5253-037, Deductibe Spent In Network=0.0, Procedure Code=, DOB=1944-03-13 00:00:00.0000000, OOP Limit In Network=$3,600.00, HSC ID=, ZipCode=28056, ProviderZipCode=, State=NC, Address=2212 WATER OAK LN, MBI=1DF2FV4CT07, ProviderAddress=, Speciality=, ProviderCity=, Service Reference Number=, Date of Procedure=, Deductibe Limit In Network=$0.00, ProviderState=, CCS Category=SPONDYLOSIS; INTERVERTEBRAL DISC DISORDERS; OTHER BACK PROBLEMS, Deductibe Spent Out Network=0.0, Deductibe Limit Out Network=$0.00, ProviderFirstName=, Plan Name=AARP Medicare Advantage Plan 1 (HMO-POS), LastName=LAWRENCE}]]" name="addressTest" duration-ms="138" started-at="2020-10-12T14:52:31 IST" finished-at="2020-10-12T14:52:32 IST">
          <reporter-output>
          </reporter-output>
        </test-method> <!-- addressTest -->
        <test-method status="PASS" signature="startBrowser()[pri:0, instance:4]" name="startBrowser" is-config="true" duration-ms="0" started-at="2020-10-12T14:52:32 IST" finished-at="2020-10-12T14:52:32 IST">
          <reporter-output>
          </reporter-output>
        </test-method> <!-- startBrowser -->
        <test-method status="PASS" signature="cityTest()[pri:8, instance:1, instance params:[{ProviderLastName=, Primary Phone=7048548191, FirstName=ROBERT, Facility=, City=GASTONIA, Primary Language=ENGLISH, Network Status=, Sno=1, Procedure Code Description=, OOP Spent In Network=3600.0000000000005, HICN=1DF2FV4CT07, OOP Spent Out Network=0.0, OOP Limit Out Network=No Limit to Out-of-Pocket Expenses, AutomationStatusDescription=, Plan=H5253-037, Deductibe Spent In Network=0.0, Procedure Code=, DOB=1944-03-13 00:00:00.0000000, OOP Limit In Network=$3,600.00, HSC ID=, ZipCode=28056, ProviderZipCode=, State=NC, Address=2212 WATER OAK LN, MBI=1DF2FV4CT07, ProviderAddress=, Speciality=, ProviderCity=, Service Reference Number=, Date of Procedure=, Deductibe Limit In Network=$0.00, ProviderState=, CCS Category=SPONDYLOSIS; INTERVERTEBRAL DISC DISORDERS; OTHER BACK PROBLEMS, Deductibe Spent Out Network=0.0, Deductibe Limit Out Network=$0.00, ProviderFirstName=, Plan Name=AARP Medicare Advantage Plan 1 (HMO-POS), LastName=LAWRENCE}]]" name="cityTest" duration-ms="172" started-at="2020-10-12T14:52:32 IST" finished-at="2020-10-12T14:52:32 IST">
          <reporter-output>
          </reporter-output>
        </test-method> <!-- cityTest -->
        <test-method status="PASS" signature="startBrowser()[pri:0, instance:4]" name="startBrowser" is-config="true" duration-ms="0" started-at="2020-10-12T14:52:32 IST" finished-at="2020-10-12T14:52:32 IST">
          <reporter-output>
          </reporter-output>
        </test-method> <!-- startBrowser -->
        <test-method status="PASS" signature="stateTest()[pri:9, instance:1, instance params:[{ProviderLastName=, Primary Phone=7048548191, FirstName=ROBERT, Facility=, City=GASTONIA, Primary Language=ENGLISH, Network Status=, Sno=1, Procedure Code Description=, OOP Spent In Network=3600.0000000000005, HICN=1DF2FV4CT07, OOP Spent Out Network=0.0, OOP Limit Out Network=No Limit to Out-of-Pocket Expenses, AutomationStatusDescription=, Plan=H5253-037, Deductibe Spent In Network=0.0, Procedure Code=, DOB=1944-03-13 00:00:00.0000000, OOP Limit In Network=$3,600.00, HSC ID=, ZipCode=28056, ProviderZipCode=, State=NC, Address=2212 WATER OAK LN, MBI=1DF2FV4CT07, ProviderAddress=, Speciality=, ProviderCity=, Service Reference Number=, Date of Procedure=, Deductibe Limit In Network=$0.00, ProviderState=, CCS Category=SPONDYLOSIS; INTERVERTEBRAL DISC DISORDERS; OTHER BACK PROBLEMS, Deductibe Spent Out Network=0.0, Deductibe Limit Out Network=$0.00, ProviderFirstName=, Plan Name=AARP Medicare Advantage Plan 1 (HMO-POS), LastName=LAWRENCE}]]" name="stateTest" duration-ms="140" started-at="2020-10-12T14:52:32 IST" finished-at="2020-10-12T14:52:32 IST">
          <reporter-output>
          </reporter-output>
        </test-method> <!-- stateTest -->
        <test-method status="PASS" signature="startBrowser()[pri:0, instance:4]" name="startBrowser" is-config="true" duration-ms="0" started-at="2020-10-12T14:52:32 IST" finished-at="2020-10-12T14:52:32 IST">
          <reporter-output>
          </reporter-output>
        </test-method> <!-- startBrowser -->
        <test-method status="PASS" signature="zipCodeTest()[pri:10, instance:1, instance params:[{ProviderLastName=, Primary Phone=7048548191, FirstName=ROBERT, Facility=, City=GASTONIA, Primary Language=ENGLISH, Network Status=, Sno=1, Procedure Code Description=, OOP Spent In Network=3600.0000000000005, HICN=1DF2FV4CT07, OOP Spent Out Network=0.0, OOP Limit Out Network=No Limit to Out-of-Pocket Expenses, AutomationStatusDescription=, Plan=H5253-037, Deductibe Spent In Network=0.0, Procedure Code=, DOB=1944-03-13 00:00:00.0000000, OOP Limit In Network=$3,600.00, HSC ID=, ZipCode=28056, ProviderZipCode=, State=NC, Address=2212 WATER OAK LN, MBI=1DF2FV4CT07, ProviderAddress=, Speciality=, ProviderCity=, Service Reference Number=, Date of Procedure=, Deductibe Limit In Network=$0.00, ProviderState=, CCS Category=SPONDYLOSIS; INTERVERTEBRAL DISC DISORDERS; OTHER BACK PROBLEMS, Deductibe Spent Out Network=0.0, Deductibe Limit Out Network=$0.00, ProviderFirstName=, Plan Name=AARP Medicare Advantage Plan 1 (HMO-POS), LastName=LAWRENCE}]]" name="zipCodeTest" duration-ms="166" started-at="2020-10-12T14:52:32 IST" finished-at="2020-10-12T14:52:32 IST">
          <reporter-output>
          </reporter-output>
        </test-method> <!-- zipCodeTest -->
        <test-method status="PASS" signature="planTest()[pri:11, instance:1, instance params:[{ProviderLastName=, Primary Phone=7048548191, FirstName=ROBERT, Facility=, City=GASTONIA, Primary Language=ENGLISH, Network Status=, Sno=1, Procedure Code Description=, OOP Spent In Network=3600.0000000000005, HICN=1DF2FV4CT07, OOP Spent Out Network=0.0, OOP Limit Out Network=No Limit to Out-of-Pocket Expenses, AutomationStatusDescription=, Plan=H5253-037, Deductibe Spent In Network=0.0, Procedure Code=, DOB=1944-03-13 00:00:00.0000000, OOP Limit In Network=$3,600.00, HSC ID=, ZipCode=28056, ProviderZipCode=, State=NC, Address=2212 WATER OAK LN, MBI=1DF2FV4CT07, ProviderAddress=, Speciality=, ProviderCity=, Service Reference Number=, Date of Procedure=, Deductibe Limit In Network=$0.00, ProviderState=, CCS Category=SPONDYLOSIS; INTERVERTEBRAL DISC DISORDERS; OTHER BACK PROBLEMS, Deductibe Spent Out Network=0.0, Deductibe Limit Out Network=$0.00, ProviderFirstName=, Plan Name=AARP Medicare Advantage Plan 1 (HMO-POS), LastName=LAWRENCE}]]" name="planTest" duration-ms="190" started-at="2020-10-12T14:52:32 IST" finished-at="2020-10-12T14:52:32 IST">
          <reporter-output>
          </reporter-output>
        </test-method> <!-- planTest -->
        <test-method status="PASS" signature="startBrowser()[pri:0, instance:4]" name="startBrowser" is-config="true" duration-ms="0" started-at="2020-10-12T14:52:32 IST" finished-at="2020-10-12T14:52:32 IST">
          <reporter-output>
          </reporter-output>
        </test-method> <!-- startBrowser -->
        <test-method status="PASS" signature="startBrowser()[pri:0, instance:4]" name="startBrowser" is-config="true" duration-ms="1" started-at="2020-10-12T14:52:32 IST" finished-at="2020-10-12T14:52:32 IST">
          <reporter-output>
          </reporter-output>
        </test-method> <!-- startBrowser -->
        <test-method status="PASS" signature="planNameTest()[pri:12, instance:1, instance params:[{ProviderLastName=, Primary Phone=7048548191, FirstName=ROBERT, Facility=, City=GASTONIA, Primary Language=ENGLISH, Network Status=, Sno=1, Procedure Code Description=, OOP Spent In Network=3600.0000000000005, HICN=1DF2FV4CT07, OOP Spent Out Network=0.0, OOP Limit Out Network=No Limit to Out-of-Pocket Expenses, AutomationStatusDescription=, Plan=H5253-037, Deductibe Spent In Network=0.0, Procedure Code=, DOB=1944-03-13 00:00:00.0000000, OOP Limit In Network=$3,600.00, HSC ID=, ZipCode=28056, ProviderZipCode=, State=NC, Address=2212 WATER OAK LN, MBI=1DF2FV4CT07, ProviderAddress=, Speciality=, ProviderCity=, Service Reference Number=, Date of Procedure=, Deductibe Limit In Network=$0.00, ProviderState=, CCS Category=SPONDYLOSIS; INTERVERTEBRAL DISC DISORDERS; OTHER BACK PROBLEMS, Deductibe Spent Out Network=0.0, Deductibe Limit Out Network=$0.00, ProviderFirstName=, Plan Name=AARP Medicare Advantage Plan 1 (HMO-POS), LastName=LAWRENCE}]]" name="planNameTest" duration-ms="198" started-at="2020-10-12T14:52:32 IST" finished-at="2020-10-12T14:52:32 IST">
          <reporter-output>
          </reporter-output>
        </test-method> <!-- planNameTest -->
        <test-method status="PASS" signature="deductibeSpentOutNetworkTest()[pri:13, instance:1, instance params:[{ProviderLastName=, Primary Phone=7048548191, FirstName=ROBERT, Facility=, City=GASTONIA, Primary Language=ENGLISH, Network Status=, Sno=1, Procedure Code Description=, OOP Spent In Network=3600.0000000000005, HICN=1DF2FV4CT07, OOP Spent Out Network=0.0, OOP Limit Out Network=No Limit to Out-of-Pocket Expenses, AutomationStatusDescription=, Plan=H5253-037, Deductibe Spent In Network=0.0, Procedure Code=, DOB=1944-03-13 00:00:00.0000000, OOP Limit In Network=$3,600.00, HSC ID=, ZipCode=28056, ProviderZipCode=, State=NC, Address=2212 WATER OAK LN, MBI=1DF2FV4CT07, ProviderAddress=, Speciality=, ProviderCity=, Service Reference Number=, Date of Procedure=, Deductibe Limit In Network=$0.00, ProviderState=, CCS Category=SPONDYLOSIS; INTERVERTEBRAL DISC DISORDERS; OTHER BACK PROBLEMS, Deductibe Spent Out Network=0.0, Deductibe Limit Out Network=$0.00, ProviderFirstName=, Plan Name=AARP Medicare Advantage Plan 1 (HMO-POS), LastName=LAWRENCE}]]" name="deductibeSpentOutNetworkTest" duration-ms="208" started-at="2020-10-12T14:52:32 IST" finished-at="2020-10-12T14:52:33 IST">
          <reporter-output>
          </reporter-output>
        </test-method> <!-- deductibeSpentOutNetworkTest -->
        <test-method status="PASS" signature="startBrowser()[pri:0, instance:4]" name="startBrowser" is-config="true" duration-ms="0" started-at="2020-10-12T14:52:32 IST" finished-at="2020-10-12T14:52:32 IST">
          <reporter-output>
          </reporter-output>
        </test-method> <!-- startBrowser -->
        <test-method status="PASS" signature="deductibeLimitOutNetworkTest()[pri:14, instance:1, instance params:[{ProviderLastName=, Primary Phone=7048548191, FirstName=ROBERT, Facility=, City=GASTONIA, Primary Language=ENGLISH, Network Status=, Sno=1, Procedure Code Description=, OOP Spent In Network=3600.0000000000005, HICN=1DF2FV4CT07, OOP Spent Out Network=0.0, OOP Limit Out Network=No Limit to Out-of-Pocket Expenses, AutomationStatusDescription=, Plan=H5253-037, Deductibe Spent In Network=0.0, Procedure Code=, DOB=1944-03-13 00:00:00.0000000, OOP Limit In Network=$3,600.00, HSC ID=, ZipCode=28056, ProviderZipCode=, State=NC, Address=2212 WATER OAK LN, MBI=1DF2FV4CT07, ProviderAddress=, Speciality=, ProviderCity=, Service Reference Number=, Date of Procedure=, Deductibe Limit In Network=$0.00, ProviderState=, CCS Category=SPONDYLOSIS; INTERVERTEBRAL DISC DISORDERS; OTHER BACK PROBLEMS, Deductibe Spent Out Network=0.0, Deductibe Limit Out Network=$0.00, ProviderFirstName=, Plan Name=AARP Medicare Advantage Plan 1 (HMO-POS), LastName=LAWRENCE}]]" name="deductibeLimitOutNetworkTest" duration-ms="144" started-at="2020-10-12T14:52:33 IST" finished-at="2020-10-12T14:52:33 IST">
          <reporter-output>
          </reporter-output>
        </test-method> <!-- deductibeLimitOutNetworkTest -->
        <test-method status="PASS" signature="startBrowser()[pri:0, instance:4]" name="startBrowser" is-config="true" duration-ms="0" started-at="2020-10-12T14:52:33 IST" finished-at="2020-10-12T14:52:33 IST">
          <reporter-output>
          </reporter-output>
        </test-method> <!-- startBrowser -->
        <test-method status="PASS" signature="startBrowser()[pri:0, instance:4]" name="startBrowser" is-config="true" duration-ms="0" started-at="2020-10-12T14:52:33 IST" finished-at="2020-10-12T14:52:33 IST">
          <reporter-output>
          </reporter-output>
        </test-method> <!-- startBrowser -->
        <test-method status="PASS" signature="deductibeSpentInNetworkTest()[pri:15, instance:1, instance params:[{ProviderLastName=, Primary Phone=7048548191, FirstName=ROBERT, Facility=, City=GASTONIA, Primary Language=ENGLISH, Network Status=, Sno=1, Procedure Code Description=, OOP Spent In Network=3600.0000000000005, HICN=1DF2FV4CT07, OOP Spent Out Network=0.0, OOP Limit Out Network=No Limit to Out-of-Pocket Expenses, AutomationStatusDescription=, Plan=H5253-037, Deductibe Spent In Network=0.0, Procedure Code=, DOB=1944-03-13 00:00:00.0000000, OOP Limit In Network=$3,600.00, HSC ID=, ZipCode=28056, ProviderZipCode=, State=NC, Address=2212 WATER OAK LN, MBI=1DF2FV4CT07, ProviderAddress=, Speciality=, ProviderCity=, Service Reference Number=, Date of Procedure=, Deductibe Limit In Network=$0.00, ProviderState=, CCS Category=SPONDYLOSIS; INTERVERTEBRAL DISC DISORDERS; OTHER BACK PROBLEMS, Deductibe Spent Out Network=0.0, Deductibe Limit Out Network=$0.00, ProviderFirstName=, Plan Name=AARP Medicare Advantage Plan 1 (HMO-POS), LastName=LAWRENCE}]]" name="deductibeSpentInNetworkTest" duration-ms="119" started-at="2020-10-12T14:52:33 IST" finished-at="2020-10-12T14:52:33 IST">
          <reporter-output>
          </reporter-output>
        </test-method> <!-- deductibeSpentInNetworkTest -->
        <test-method status="PASS" signature="startBrowser()[pri:0, instance:4]" name="startBrowser" is-config="true" duration-ms="1" started-at="2020-10-12T14:52:33 IST" finished-at="2020-10-12T14:52:33 IST">
          <reporter-output>
          </reporter-output>
        </test-method> <!-- startBrowser -->
        <test-method status="PASS" signature="deductibeLimitInNetworkTest()[pri:16, instance:1, instance params:[{ProviderLastName=, Primary Phone=7048548191, FirstName=ROBERT, Facility=, City=GASTONIA, Primary Language=ENGLISH, Network Status=, Sno=1, Procedure Code Description=, OOP Spent In Network=3600.0000000000005, HICN=1DF2FV4CT07, OOP Spent Out Network=0.0, OOP Limit Out Network=No Limit to Out-of-Pocket Expenses, AutomationStatusDescription=, Plan=H5253-037, Deductibe Spent In Network=0.0, Procedure Code=, DOB=1944-03-13 00:00:00.0000000, OOP Limit In Network=$3,600.00, HSC ID=, ZipCode=28056, ProviderZipCode=, State=NC, Address=2212 WATER OAK LN, MBI=1DF2FV4CT07, ProviderAddress=, Speciality=, ProviderCity=, Service Reference Number=, Date of Procedure=, Deductibe Limit In Network=$0.00, ProviderState=, CCS Category=SPONDYLOSIS; INTERVERTEBRAL DISC DISORDERS; OTHER BACK PROBLEMS, Deductibe Spent Out Network=0.0, Deductibe Limit Out Network=$0.00, ProviderFirstName=, Plan Name=AARP Medicare Advantage Plan 1 (HMO-POS), LastName=LAWRENCE}]]" name="deductibeLimitInNetworkTest" duration-ms="122" started-at="2020-10-12T14:52:33 IST" finished-at="2020-10-12T14:52:33 IST">
          <reporter-output>
          </reporter-output>
        </test-method> <!-- deductibeLimitInNetworkTest -->
        <test-method status="PASS" signature="startBrowser()[pri:0, instance:4]" name="startBrowser" is-config="true" duration-ms="1" started-at="2020-10-12T14:52:33 IST" finished-at="2020-10-12T14:52:33 IST">
          <reporter-output>
          </reporter-output>
        </test-method> <!-- startBrowser -->
        <test-method status="PASS" signature="oopSpentOutNetworkTest()[pri:17, instance:1, instance params:[{ProviderLastName=, Primary Phone=7048548191, FirstName=ROBERT, Facility=, City=GASTONIA, Primary Language=ENGLISH, Network Status=, Sno=1, Procedure Code Description=, OOP Spent In Network=3600.0000000000005, HICN=1DF2FV4CT07, OOP Spent Out Network=0.0, OOP Limit Out Network=No Limit to Out-of-Pocket Expenses, AutomationStatusDescription=, Plan=H5253-037, Deductibe Spent In Network=0.0, Procedure Code=, DOB=1944-03-13 00:00:00.0000000, OOP Limit In Network=$3,600.00, HSC ID=, ZipCode=28056, ProviderZipCode=, State=NC, Address=2212 WATER OAK LN, MBI=1DF2FV4CT07, ProviderAddress=, Speciality=, ProviderCity=, Service Reference Number=, Date of Procedure=, Deductibe Limit In Network=$0.00, ProviderState=, CCS Category=SPONDYLOSIS; INTERVERTEBRAL DISC DISORDERS; OTHER BACK PROBLEMS, Deductibe Spent Out Network=0.0, Deductibe Limit Out Network=$0.00, ProviderFirstName=, Plan Name=AARP Medicare Advantage Plan 1 (HMO-POS), LastName=LAWRENCE}]]" name="oopSpentOutNetworkTest" duration-ms="117" started-at="2020-10-12T14:52:33 IST" finished-at="2020-10-12T14:52:33 IST">
          <reporter-output>
          </reporter-output>
        </test-method> <!-- oopSpentOutNetworkTest -->
        <test-method status="PASS" signature="startBrowser()[pri:0, instance:4]" name="startBrowser" is-config="true" duration-ms="0" started-at="2020-10-12T14:52:33 IST" finished-at="2020-10-12T14:52:33 IST">
          <reporter-output>
          </reporter-output>
        </test-method> <!-- startBrowser -->
        <test-method status="PASS" signature="oopLimitOutNetworkTest()[pri:18, instance:1, instance params:[{ProviderLastName=, Primary Phone=7048548191, FirstName=ROBERT, Facility=, City=GASTONIA, Primary Language=ENGLISH, Network Status=, Sno=1, Procedure Code Description=, OOP Spent In Network=3600.0000000000005, HICN=1DF2FV4CT07, OOP Spent Out Network=0.0, OOP Limit Out Network=No Limit to Out-of-Pocket Expenses, AutomationStatusDescription=, Plan=H5253-037, Deductibe Spent In Network=0.0, Procedure Code=, DOB=1944-03-13 00:00:00.0000000, OOP Limit In Network=$3,600.00, HSC ID=, ZipCode=28056, ProviderZipCode=, State=NC, Address=2212 WATER OAK LN, MBI=1DF2FV4CT07, ProviderAddress=, Speciality=, ProviderCity=, Service Reference Number=, Date of Procedure=, Deductibe Limit In Network=$0.00, ProviderState=, CCS Category=SPONDYLOSIS; INTERVERTEBRAL DISC DISORDERS; OTHER BACK PROBLEMS, Deductibe Spent Out Network=0.0, Deductibe Limit Out Network=$0.00, ProviderFirstName=, Plan Name=AARP Medicare Advantage Plan 1 (HMO-POS), LastName=LAWRENCE}]]" name="oopLimitOutNetworkTest" duration-ms="131" started-at="2020-10-12T14:52:33 IST" finished-at="2020-10-12T14:52:33 IST">
          <reporter-output>
          </reporter-output>
        </test-method> <!-- oopLimitOutNetworkTest -->
        <test-method status="PASS" signature="oopSpentInNetworkTest()[pri:19, instance:1, instance params:[{ProviderLastName=, Primary Phone=7048548191, FirstName=ROBERT, Facility=, City=GASTONIA, Primary Language=ENGLISH, Network Status=, Sno=1, Procedure Code Description=, OOP Spent In Network=3600.0000000000005, HICN=1DF2FV4CT07, OOP Spent Out Network=0.0, OOP Limit Out Network=No Limit to Out-of-Pocket Expenses, AutomationStatusDescription=, Plan=H5253-037, Deductibe Spent In Network=0.0, Procedure Code=, DOB=1944-03-13 00:00:00.0000000, OOP Limit In Network=$3,600.00, HSC ID=, ZipCode=28056, ProviderZipCode=, State=NC, Address=2212 WATER OAK LN, MBI=1DF2FV4CT07, ProviderAddress=, Speciality=, ProviderCity=, Service Reference Number=, Date of Procedure=, Deductibe Limit In Network=$0.00, ProviderState=, CCS Category=SPONDYLOSIS; INTERVERTEBRAL DISC DISORDERS; OTHER BACK PROBLEMS, Deductibe Spent Out Network=0.0, Deductibe Limit Out Network=$0.00, ProviderFirstName=, Plan Name=AARP Medicare Advantage Plan 1 (HMO-POS), LastName=LAWRENCE}]]" name="oopSpentInNetworkTest" duration-ms="124" started-at="2020-10-12T14:52:33 IST" finished-at="2020-10-12T14:52:34 IST">
          <reporter-output>
          </reporter-output>
        </test-method> <!-- oopSpentInNetworkTest -->
        <test-method status="PASS" signature="startBrowser()[pri:0, instance:4]" name="startBrowser" is-config="true" duration-ms="0" started-at="2020-10-12T14:52:33 IST" finished-at="2020-10-12T14:52:33 IST">
          <reporter-output>
          </reporter-output>
        </test-method> <!-- startBrowser -->
        <test-method status="PASS" signature="startBrowser()[pri:0, instance:4]" name="startBrowser" is-config="true" duration-ms="0" started-at="2020-10-12T14:52:34 IST" finished-at="2020-10-12T14:52:34 IST">
          <reporter-output>
          </reporter-output>
        </test-method> <!-- startBrowser -->
        <test-method status="PASS" signature="oopLimitInNetworkTest()[pri:20, instance:1, instance params:[{ProviderLastName=, Primary Phone=7048548191, FirstName=ROBERT, Facility=, City=GASTONIA, Primary Language=ENGLISH, Network Status=, Sno=1, Procedure Code Description=, OOP Spent In Network=3600.0000000000005, HICN=1DF2FV4CT07, OOP Spent Out Network=0.0, OOP Limit Out Network=No Limit to Out-of-Pocket Expenses, AutomationStatusDescription=, Plan=H5253-037, Deductibe Spent In Network=0.0, Procedure Code=, DOB=1944-03-13 00:00:00.0000000, OOP Limit In Network=$3,600.00, HSC ID=, ZipCode=28056, ProviderZipCode=, State=NC, Address=2212 WATER OAK LN, MBI=1DF2FV4CT07, ProviderAddress=, Speciality=, ProviderCity=, Service Reference Number=, Date of Procedure=, Deductibe Limit In Network=$0.00, ProviderState=, CCS Category=SPONDYLOSIS; INTERVERTEBRAL DISC DISORDERS; OTHER BACK PROBLEMS, Deductibe Spent Out Network=0.0, Deductibe Limit Out Network=$0.00, ProviderFirstName=, Plan Name=AARP Medicare Advantage Plan 1 (HMO-POS), LastName=LAWRENCE}]]" name="oopLimitInNetworkTest" duration-ms="129" started-at="2020-10-12T14:52:34 IST" finished-at="2020-10-12T14:52:34 IST">
          <reporter-output>
          </reporter-output>
        </test-method> <!-- oopLimitInNetworkTest -->
        <test-method status="PASS" signature="startBrowser()[pri:0, instance:4]" name="startBrowser" is-config="true" duration-ms="0" started-at="2020-10-12T14:52:34 IST" finished-at="2020-10-12T14:52:34 IST">
          <reporter-output>
          </reporter-output>
        </test-method> <!-- startBrowser -->
        <test-method status="PASS" signature="serviceRefrenceNumberTest()[pri:21, instance:1, instance params:[{ProviderLastName=, Primary Phone=7048548191, FirstName=ROBERT, Facility=, City=GASTONIA, Primary Language=ENGLISH, Network Status=, Sno=1, Procedure Code Description=, OOP Spent In Network=3600.0000000000005, HICN=1DF2FV4CT07, OOP Spent Out Network=0.0, OOP Limit Out Network=No Limit to Out-of-Pocket Expenses, AutomationStatusDescription=, Plan=H5253-037, Deductibe Spent In Network=0.0, Procedure Code=, DOB=1944-03-13 00:00:00.0000000, OOP Limit In Network=$3,600.00, HSC ID=, ZipCode=28056, ProviderZipCode=, State=NC, Address=2212 WATER OAK LN, MBI=1DF2FV4CT07, ProviderAddress=, Speciality=, ProviderCity=, Service Reference Number=, Date of Procedure=, Deductibe Limit In Network=$0.00, ProviderState=, CCS Category=SPONDYLOSIS; INTERVERTEBRAL DISC DISORDERS; OTHER BACK PROBLEMS, Deductibe Spent Out Network=0.0, Deductibe Limit Out Network=$0.00, ProviderFirstName=, Plan Name=AARP Medicare Advantage Plan 1 (HMO-POS), LastName=LAWRENCE}]]" name="serviceRefrenceNumberTest" duration-ms="454" started-at="2020-10-12T14:52:34 IST" finished-at="2020-10-12T14:52:34 IST">
          <reporter-output>
          </reporter-output>
        </test-method> <!-- serviceRefrenceNumberTest -->
        <test-method status="PASS" signature="startBrowser()[pri:0, instance:4]" name="startBrowser" is-config="true" duration-ms="0" started-at="2020-10-12T14:52:34 IST" finished-at="2020-10-12T14:52:34 IST">
          <reporter-output>
          </reporter-output>
        </test-method> <!-- startBrowser -->
        <test-method status="PASS" signature="hscIdTest()[pri:22, instance:1, instance params:[{ProviderLastName=, Primary Phone=7048548191, FirstName=ROBERT, Facility=, City=GASTONIA, Primary Language=ENGLISH, Network Status=, Sno=1, Procedure Code Description=, OOP Spent In Network=3600.0000000000005, HICN=1DF2FV4CT07, OOP Spent Out Network=0.0, OOP Limit Out Network=No Limit to Out-of-Pocket Expenses, AutomationStatusDescription=, Plan=H5253-037, Deductibe Spent In Network=0.0, Procedure Code=, DOB=1944-03-13 00:00:00.0000000, OOP Limit In Network=$3,600.00, HSC ID=, ZipCode=28056, ProviderZipCode=, State=NC, Address=2212 WATER OAK LN, MBI=1DF2FV4CT07, ProviderAddress=, Speciality=, ProviderCity=, Service Reference Number=, Date of Procedure=, Deductibe Limit In Network=$0.00, ProviderState=, CCS Category=SPONDYLOSIS; INTERVERTEBRAL DISC DISORDERS; OTHER BACK PROBLEMS, Deductibe Spent Out Network=0.0, Deductibe Limit Out Network=$0.00, ProviderFirstName=, Plan Name=AARP Medicare Advantage Plan 1 (HMO-POS), LastName=LAWRENCE}]]" name="hscIdTest" duration-ms="119" started-at="2020-10-12T14:52:34 IST" finished-at="2020-10-12T14:52:34 IST">
          <reporter-output>
          </reporter-output>
        </test-method> <!-- hscIdTest -->
        <test-method status="PASS" signature="dateOfProcedureTest()[pri:23, instance:1, instance params:[{ProviderLastName=, Primary Phone=7048548191, FirstName=ROBERT, Facility=, City=GASTONIA, Primary Language=ENGLISH, Network Status=, Sno=1, Procedure Code Description=, OOP Spent In Network=3600.0000000000005, HICN=1DF2FV4CT07, OOP Spent Out Network=0.0, OOP Limit Out Network=No Limit to Out-of-Pocket Expenses, AutomationStatusDescription=, Plan=H5253-037, Deductibe Spent In Network=0.0, Procedure Code=, DOB=1944-03-13 00:00:00.0000000, OOP Limit In Network=$3,600.00, HSC ID=, ZipCode=28056, ProviderZipCode=, State=NC, Address=2212 WATER OAK LN, MBI=1DF2FV4CT07, ProviderAddress=, Speciality=, ProviderCity=, Service Reference Number=, Date of Procedure=, Deductibe Limit In Network=$0.00, ProviderState=, CCS Category=SPONDYLOSIS; INTERVERTEBRAL DISC DISORDERS; OTHER BACK PROBLEMS, Deductibe Spent Out Network=0.0, Deductibe Limit Out Network=$0.00, ProviderFirstName=, Plan Name=AARP Medicare Advantage Plan 1 (HMO-POS), LastName=LAWRENCE}]]" name="dateOfProcedureTest" duration-ms="139" started-at="2020-10-12T14:52:34 IST" finished-at="2020-10-12T14:52:34 IST">
          <reporter-output>
          </reporter-output>
        </test-method> <!-- dateOfProcedureTest -->
        <test-method status="PASS" signature="startBrowser()[pri:0, instance:4]" name="startBrowser" is-config="true" duration-ms="0" started-at="2020-10-12T14:52:34 IST" finished-at="2020-10-12T14:52:34 IST">
          <reporter-output>
          </reporter-output>
        </test-method> <!-- startBrowser -->
        <test-method status="PASS" signature="procedureCodeTest()[pri:24, instance:1, instance params:[{ProviderLastName=, Primary Phone=7048548191, FirstName=ROBERT, Facility=, City=GASTONIA, Primary Language=ENGLISH, Network Status=, Sno=1, Procedure Code Description=, OOP Spent In Network=3600.0000000000005, HICN=1DF2FV4CT07, OOP Spent Out Network=0.0, OOP Limit Out Network=No Limit to Out-of-Pocket Expenses, AutomationStatusDescription=, Plan=H5253-037, Deductibe Spent In Network=0.0, Procedure Code=, DOB=1944-03-13 00:00:00.0000000, OOP Limit In Network=$3,600.00, HSC ID=, ZipCode=28056, ProviderZipCode=, State=NC, Address=2212 WATER OAK LN, MBI=1DF2FV4CT07, ProviderAddress=, Speciality=, ProviderCity=, Service Reference Number=, Date of Procedure=, Deductibe Limit In Network=$0.00, ProviderState=, CCS Category=SPONDYLOSIS; INTERVERTEBRAL DISC DISORDERS; OTHER BACK PROBLEMS, Deductibe Spent Out Network=0.0, Deductibe Limit Out Network=$0.00, ProviderFirstName=, Plan Name=AARP Medicare Advantage Plan 1 (HMO-POS), LastName=LAWRENCE}]]" name="procedureCodeTest" duration-ms="137" started-at="2020-10-12T14:52:34 IST" finished-at="2020-10-12T14:52:35 IST">
          <reporter-output>
          </reporter-output>
        </test-method> <!-- procedureCodeTest -->
        <test-method status="PASS" signature="startBrowser()[pri:0, instance:4]" name="startBrowser" is-config="true" duration-ms="0" started-at="2020-10-12T14:52:34 IST" finished-at="2020-10-12T14:52:34 IST">
          <reporter-output>
          </reporter-output>
        </test-method> <!-- startBrowser -->
        <test-method status="PASS" signature="startBrowser()[pri:0, instance:4]" name="startBrowser" is-config="true" duration-ms="0" started-at="2020-10-12T14:52:35 IST" finished-at="2020-10-12T14:52:35 IST">
          <reporter-output>
          </reporter-output>
        </test-method> <!-- startBrowser -->
        <test-method status="PASS" signature="facilityTest()[pri:25, instance:1, instance params:[{ProviderLastName=, Primary Phone=7048548191, FirstName=ROBERT, Facility=, City=GASTONIA, Primary Language=ENGLISH, Network Status=, Sno=1, Procedure Code Description=, OOP Spent In Network=3600.0000000000005, HICN=1DF2FV4CT07, OOP Spent Out Network=0.0, OOP Limit Out Network=No Limit to Out-of-Pocket Expenses, AutomationStatusDescription=, Plan=H5253-037, Deductibe Spent In Network=0.0, Procedure Code=, DOB=1944-03-13 00:00:00.0000000, OOP Limit In Network=$3,600.00, HSC ID=, ZipCode=28056, ProviderZipCode=, State=NC, Address=2212 WATER OAK LN, MBI=1DF2FV4CT07, ProviderAddress=, Speciality=, ProviderCity=, Service Reference Number=, Date of Procedure=, Deductibe Limit In Network=$0.00, ProviderState=, CCS Category=SPONDYLOSIS; INTERVERTEBRAL DISC DISORDERS; OTHER BACK PROBLEMS, Deductibe Spent Out Network=0.0, Deductibe Limit Out Network=$0.00, ProviderFirstName=, Plan Name=AARP Medicare Advantage Plan 1 (HMO-POS), LastName=LAWRENCE}]]" name="facilityTest" duration-ms="145" started-at="2020-10-12T14:52:35 IST" finished-at="2020-10-12T14:52:35 IST">
          <reporter-output>
          </reporter-output>
        </test-method> <!-- facilityTest -->
        <test-method status="PASS" signature="startBrowser()[pri:0, instance:4]" name="startBrowser" is-config="true" duration-ms="0" started-at="2020-10-12T14:52:35 IST" finished-at="2020-10-12T14:52:35 IST">
          <reporter-output>
          </reporter-output>
        </test-method> <!-- startBrowser -->
        <test-method status="PASS" signature="providerNameTest()[pri:27, instance:1, instance params:[{ProviderLastName=, Primary Phone=7048548191, FirstName=ROBERT, Facility=, City=GASTONIA, Primary Language=ENGLISH, Network Status=, Sno=1, Procedure Code Description=, OOP Spent In Network=3600.0000000000005, HICN=1DF2FV4CT07, OOP Spent Out Network=0.0, OOP Limit Out Network=No Limit to Out-of-Pocket Expenses, AutomationStatusDescription=, Plan=H5253-037, Deductibe Spent In Network=0.0, Procedure Code=, DOB=1944-03-13 00:00:00.0000000, OOP Limit In Network=$3,600.00, HSC ID=, ZipCode=28056, ProviderZipCode=, State=NC, Address=2212 WATER OAK LN, MBI=1DF2FV4CT07, ProviderAddress=, Speciality=, ProviderCity=, Service Reference Number=, Date of Procedure=, Deductibe Limit In Network=$0.00, ProviderState=, CCS Category=SPONDYLOSIS; INTERVERTEBRAL DISC DISORDERS; OTHER BACK PROBLEMS, Deductibe Spent Out Network=0.0, Deductibe Limit Out Network=$0.00, ProviderFirstName=, Plan Name=AARP Medicare Advantage Plan 1 (HMO-POS), LastName=LAWRENCE}]]" name="providerNameTest" duration-ms="380" started-at="2020-10-12T14:52:35 IST" finished-at="2020-10-12T14:52:35 IST">
          <reporter-output>
          </reporter-output>
        </test-method> <!-- providerNameTest -->
        <test-method status="PASS" signature="providerAddressTest()[pri:28, instance:1, instance params:[{ProviderLastName=, Primary Phone=7048548191, FirstName=ROBERT, Facility=, City=GASTONIA, Primary Language=ENGLISH, Network Status=, Sno=1, Procedure Code Description=, OOP Spent In Network=3600.0000000000005, HICN=1DF2FV4CT07, OOP Spent Out Network=0.0, OOP Limit Out Network=No Limit to Out-of-Pocket Expenses, AutomationStatusDescription=, Plan=H5253-037, Deductibe Spent In Network=0.0, Procedure Code=, DOB=1944-03-13 00:00:00.0000000, OOP Limit In Network=$3,600.00, HSC ID=, ZipCode=28056, ProviderZipCode=, State=NC, Address=2212 WATER OAK LN, MBI=1DF2FV4CT07, ProviderAddress=, Speciality=, ProviderCity=, Service Reference Number=, Date of Procedure=, Deductibe Limit In Network=$0.00, ProviderState=, CCS Category=SPONDYLOSIS; INTERVERTEBRAL DISC DISORDERS; OTHER BACK PROBLEMS, Deductibe Spent Out Network=0.0, Deductibe Limit Out Network=$0.00, ProviderFirstName=, Plan Name=AARP Medicare Advantage Plan 1 (HMO-POS), LastName=LAWRENCE}]]" name="providerAddressTest" duration-ms="155" started-at="2020-10-12T14:52:35 IST" finished-at="2020-10-12T14:52:35 IST">
          <reporter-output>
          </reporter-output>
        </test-method> <!-- providerAddressTest -->
        <test-method status="PASS" signature="startBrowser()[pri:0, instance:4]" name="startBrowser" is-config="true" duration-ms="0" started-at="2020-10-12T14:52:35 IST" finished-at="2020-10-12T14:52:35 IST">
          <reporter-output>
          </reporter-output>
        </test-method> <!-- startBrowser -->
        <test-method status="PASS" signature="startBrowser()[pri:0, instance:4]" name="startBrowser" is-config="true" duration-ms="0" started-at="2020-10-12T14:52:35 IST" finished-at="2020-10-12T14:52:35 IST">
          <reporter-output>
          </reporter-output>
        </test-method> <!-- startBrowser -->
        <test-method status="PASS" signature="providerCityTest()[pri:29, instance:1, instance params:[{ProviderLastName=, Primary Phone=7048548191, FirstName=ROBERT, Facility=, City=GASTONIA, Primary Language=ENGLISH, Network Status=, Sno=1, Procedure Code Description=, OOP Spent In Network=3600.0000000000005, HICN=1DF2FV4CT07, OOP Spent Out Network=0.0, OOP Limit Out Network=No Limit to Out-of-Pocket Expenses, AutomationStatusDescription=, Plan=H5253-037, Deductibe Spent In Network=0.0, Procedure Code=, DOB=1944-03-13 00:00:00.0000000, OOP Limit In Network=$3,600.00, HSC ID=, ZipCode=28056, ProviderZipCode=, State=NC, Address=2212 WATER OAK LN, MBI=1DF2FV4CT07, ProviderAddress=, Speciality=, ProviderCity=, Service Reference Number=, Date of Procedure=, Deductibe Limit In Network=$0.00, ProviderState=, CCS Category=SPONDYLOSIS; INTERVERTEBRAL DISC DISORDERS; OTHER BACK PROBLEMS, Deductibe Spent Out Network=0.0, Deductibe Limit Out Network=$0.00, ProviderFirstName=, Plan Name=AARP Medicare Advantage Plan 1 (HMO-POS), LastName=LAWRENCE}]]" name="providerCityTest" duration-ms="126" started-at="2020-10-12T14:52:35 IST" finished-at="2020-10-12T14:52:35 IST">
          <reporter-output>
          </reporter-output>
        </test-method> <!-- providerCityTest -->
        <test-method status="PASS" signature="providerStateTest()[pri:29, instance:1, instance params:[{ProviderLastName=, Primary Phone=7048548191, FirstName=ROBERT, Facility=, City=GASTONIA, Primary Language=ENGLISH, Network Status=, Sno=1, Procedure Code Description=, OOP Spent In Network=3600.0000000000005, HICN=1DF2FV4CT07, OOP Spent Out Network=0.0, OOP Limit Out Network=No Limit to Out-of-Pocket Expenses, AutomationStatusDescription=, Plan=H5253-037, Deductibe Spent In Network=0.0, Procedure Code=, DOB=1944-03-13 00:00:00.0000000, OOP Limit In Network=$3,600.00, HSC ID=, ZipCode=28056, ProviderZipCode=, State=NC, Address=2212 WATER OAK LN, MBI=1DF2FV4CT07, ProviderAddress=, Speciality=, ProviderCity=, Service Reference Number=, Date of Procedure=, Deductibe Limit In Network=$0.00, ProviderState=, CCS Category=SPONDYLOSIS; INTERVERTEBRAL DISC DISORDERS; OTHER BACK PROBLEMS, Deductibe Spent Out Network=0.0, Deductibe Limit Out Network=$0.00, ProviderFirstName=, Plan Name=AARP Medicare Advantage Plan 1 (HMO-POS), LastName=LAWRENCE}]]" name="providerStateTest" duration-ms="125" started-at="2020-10-12T14:52:35 IST" finished-at="2020-10-12T14:52:35 IST">
          <reporter-output>
          </reporter-output>
        </test-method> <!-- providerStateTest -->
        <test-method status="PASS" signature="startBrowser()[pri:0, instance:4]" name="startBrowser" is-config="true" duration-ms="0" started-at="2020-10-12T14:52:35 IST" finished-at="2020-10-12T14:52:35 IST">
          <reporter-output>
          </reporter-output>
        </test-method> <!-- startBrowser -->
        <test-method status="PASS" signature="startBrowser()[pri:0, instance:4]" name="startBrowser" is-config="true" duration-ms="0" started-at="2020-10-12T14:52:35 IST" finished-at="2020-10-12T14:52:35 IST">
          <reporter-output>
          </reporter-output>
        </test-method> <!-- startBrowser -->
        <test-method status="PASS" signature="providerZipcodeTest()[pri:30, instance:1, instance params:[{ProviderLastName=, Primary Phone=7048548191, FirstName=ROBERT, Facility=, City=GASTONIA, Primary Language=ENGLISH, Network Status=, Sno=1, Procedure Code Description=, OOP Spent In Network=3600.0000000000005, HICN=1DF2FV4CT07, OOP Spent Out Network=0.0, OOP Limit Out Network=No Limit to Out-of-Pocket Expenses, AutomationStatusDescription=, Plan=H5253-037, Deductibe Spent In Network=0.0, Procedure Code=, DOB=1944-03-13 00:00:00.0000000, OOP Limit In Network=$3,600.00, HSC ID=, ZipCode=28056, ProviderZipCode=, State=NC, Address=2212 WATER OAK LN, MBI=1DF2FV4CT07, ProviderAddress=, Speciality=, ProviderCity=, Service Reference Number=, Date of Procedure=, Deductibe Limit In Network=$0.00, ProviderState=, CCS Category=SPONDYLOSIS; INTERVERTEBRAL DISC DISORDERS; OTHER BACK PROBLEMS, Deductibe Spent Out Network=0.0, Deductibe Limit Out Network=$0.00, ProviderFirstName=, Plan Name=AARP Medicare Advantage Plan 1 (HMO-POS), LastName=LAWRENCE}]]" name="providerZipcodeTest" duration-ms="115" started-at="2020-10-12T14:52:35 IST" finished-at="2020-10-12T14:52:36 IST">
          <reporter-output>
          </reporter-output>
        </test-method> <!-- providerZipcodeTest -->
        <test-method status="PASS" signature="startBrowser()[pri:0, instance:4]" name="startBrowser" is-config="true" duration-ms="0" started-at="2020-10-12T14:52:36 IST" finished-at="2020-10-12T14:52:36 IST">
          <reporter-output>
          </reporter-output>
        </test-method> <!-- startBrowser -->
        <test-method status="PASS" signature="providerSpecialityTest()[pri:31, instance:1, instance params:[{ProviderLastName=, Primary Phone=7048548191, FirstName=ROBERT, Facility=, City=GASTONIA, Primary Language=ENGLISH, Network Status=, Sno=1, Procedure Code Description=, OOP Spent In Network=3600.0000000000005, HICN=1DF2FV4CT07, OOP Spent Out Network=0.0, OOP Limit Out Network=No Limit to Out-of-Pocket Expenses, AutomationStatusDescription=, Plan=H5253-037, Deductibe Spent In Network=0.0, Procedure Code=, DOB=1944-03-13 00:00:00.0000000, OOP Limit In Network=$3,600.00, HSC ID=, ZipCode=28056, ProviderZipCode=, State=NC, Address=2212 WATER OAK LN, MBI=1DF2FV4CT07, ProviderAddress=, Speciality=, ProviderCity=, Service Reference Number=, Date of Procedure=, Deductibe Limit In Network=$0.00, ProviderState=, CCS Category=SPONDYLOSIS; INTERVERTEBRAL DISC DISORDERS; OTHER BACK PROBLEMS, Deductibe Spent Out Network=0.0, Deductibe Limit Out Network=$0.00, ProviderFirstName=, Plan Name=AARP Medicare Advantage Plan 1 (HMO-POS), LastName=LAWRENCE}]]" name="providerSpecialityTest" duration-ms="119" started-at="2020-10-12T14:52:36 IST" finished-at="2020-10-12T14:52:36 IST">
          <reporter-output>
          </reporter-output>
        </test-method> <!-- providerSpecialityTest -->
        <test-method status="PASS" signature="startBrowser()[pri:0, instance:4]" name="startBrowser" is-config="true" duration-ms="0" started-at="2020-10-12T14:52:36 IST" finished-at="2020-10-12T14:52:36 IST">
          <reporter-output>
          </reporter-output>
        </test-method> <!-- startBrowser -->
        <test-method status="PASS" signature="providerNetworkStatusTest()[pri:32, instance:1, instance params:[{ProviderLastName=, Primary Phone=7048548191, FirstName=ROBERT, Facility=, City=GASTONIA, Primary Language=ENGLISH, Network Status=, Sno=1, Procedure Code Description=, OOP Spent In Network=3600.0000000000005, HICN=1DF2FV4CT07, OOP Spent Out Network=0.0, OOP Limit Out Network=No Limit to Out-of-Pocket Expenses, AutomationStatusDescription=, Plan=H5253-037, Deductibe Spent In Network=0.0, Procedure Code=, DOB=1944-03-13 00:00:00.0000000, OOP Limit In Network=$3,600.00, HSC ID=, ZipCode=28056, ProviderZipCode=, State=NC, Address=2212 WATER OAK LN, MBI=1DF2FV4CT07, ProviderAddress=, Speciality=, ProviderCity=, Service Reference Number=, Date of Procedure=, Deductibe Limit In Network=$0.00, ProviderState=, CCS Category=SPONDYLOSIS; INTERVERTEBRAL DISC DISORDERS; OTHER BACK PROBLEMS, Deductibe Spent Out Network=0.0, Deductibe Limit Out Network=$0.00, ProviderFirstName=, Plan Name=AARP Medicare Advantage Plan 1 (HMO-POS), LastName=LAWRENCE}]]" name="providerNetworkStatusTest" duration-ms="128" started-at="2020-10-12T14:52:36 IST" finished-at="2020-10-12T14:52:36 IST">
          <reporter-output>
          </reporter-output>
        </test-method> <!-- providerNetworkStatusTest -->
        <test-method status="PASS" signature="tearDown()[pri:0, instance:4]" name="tearDown" is-config="true" duration-ms="1974" started-at="2020-10-12T14:52:36 IST" finished-at="2020-10-12T14:52:38 IST">
          <reporter-output>
          </reporter-output>
        </test-method> <!-- tearDown -->
        <test-method status="PASS" signature="setUp()[pri:0, instance:4]" name="setUp" is-config="true" duration-ms="11944" started-at="2020-10-12T14:52:38 IST" finished-at="2020-10-12T14:52:50 IST">
          <reporter-output>
          </reporter-output>
        </test-method> <!-- setUp -->
        <test-method status="PASS" signature="startBrowser()[pri:0, instance:4]" name="startBrowser" is-config="true" duration-ms="44435" started-at="2020-10-12T14:52:50 IST" finished-at="2020-10-12T14:53:34 IST">
          <reporter-output>
          </reporter-output>
        </test-method> <!-- startBrowser -->
        <test-method status="PASS" signature="memberIdentifierTest()[pri:1, instance:2, instance params:[{ProviderLastName=HOLT, Primary Phone=3345931806, FirstName=TONYA, Facility=BAPTIST MEDICAL CENTER SOUTH, City=MONTGOMERY, Primary Language=ENGLISH, Network Status=In Network, Sno=2, Procedure Code Description=, OOP Spent In Network=249.0, HICN=1DH9YU0UV11, OOP Spent Out Network=106.0, OOP Limit Out Network=$10,000.00 Combined, AutomationStatusDescription=, Plan=H2001-816, Deductibe Spent In Network=0.0, Procedure Code=20930, DOB=1970-10-29 00:00:00.0000000, OOP Limit In Network=$6,700.00, HSC ID=166961401, ZipCode=36117, ProviderZipCode=36117, State=AL, Address=6616 HERITAGE OAK CT, MBI=1DH9YU0UV11, ProviderAddress=257 WINTON M BLOUNT LOOP, Speciality=ORTHOPAEDIC SURGERY, ProviderCity=MONTGOMERY, Service Reference Number=A098661249, Date of Procedure=2020-08-24, Deductibe Limit In Network=Medicare-defined cost share, ProviderState=AL, CCS Category=SPONDYLOSIS; INTERVERTEBRAL DISC DISORDERS; OTHER BACK PROBLEMS, Deductibe Spent Out Network=0.0, Deductibe Limit Out Network=Medicare-defined cost share, ProviderFirstName=TIMOTHY, Plan Name=UnitedHealthcare Group Medicare Advantage (PPO), LastName=JINRIGHT}]]" name="memberIdentifierTest" duration-ms="1540" started-at="2020-10-12T14:53:34 IST" finished-at="2020-10-12T14:53:36 IST">
          <reporter-output>
          </reporter-output>
        </test-method> <!-- memberIdentifierTest -->
        <test-method status="PASS" signature="startBrowser()[pri:0, instance:4]" name="startBrowser" is-config="true" duration-ms="1" started-at="2020-10-12T14:53:36 IST" finished-at="2020-10-12T14:53:36 IST">
          <reporter-output>
          </reporter-output>
        </test-method> <!-- startBrowser -->
        <test-method status="PASS" signature="HICNTest()[pri:2, instance:2, instance params:[{ProviderLastName=HOLT, Primary Phone=3345931806, FirstName=TONYA, Facility=BAPTIST MEDICAL CENTER SOUTH, City=MONTGOMERY, Primary Language=ENGLISH, Network Status=In Network, Sno=2, Procedure Code Description=, OOP Spent In Network=249.0, HICN=1DH9YU0UV11, OOP Spent Out Network=106.0, OOP Limit Out Network=$10,000.00 Combined, AutomationStatusDescription=, Plan=H2001-816, Deductibe Spent In Network=0.0, Procedure Code=20930, DOB=1970-10-29 00:00:00.0000000, OOP Limit In Network=$6,700.00, HSC ID=166961401, ZipCode=36117, ProviderZipCode=36117, State=AL, Address=6616 HERITAGE OAK CT, MBI=1DH9YU0UV11, ProviderAddress=257 WINTON M BLOUNT LOOP, Speciality=ORTHOPAEDIC SURGERY, ProviderCity=MONTGOMERY, Service Reference Number=A098661249, Date of Procedure=2020-08-24, Deductibe Limit In Network=Medicare-defined cost share, ProviderState=AL, CCS Category=SPONDYLOSIS; INTERVERTEBRAL DISC DISORDERS; OTHER BACK PROBLEMS, Deductibe Spent Out Network=0.0, Deductibe Limit Out Network=Medicare-defined cost share, ProviderFirstName=TIMOTHY, Plan Name=UnitedHealthcare Group Medicare Advantage (PPO), LastName=JINRIGHT}]]" name="HICNTest" duration-ms="197" started-at="2020-10-12T14:53:36 IST" finished-at="2020-10-12T14:53:36 IST">
          <reporter-output>
          </reporter-output>
        </test-method> <!-- HICNTest -->
        <test-method status="PASS" signature="firstNameTest()[pri:3, instance:2, instance params:[{ProviderLastName=HOLT, Primary Phone=3345931806, FirstName=TONYA, Facility=BAPTIST MEDICAL CENTER SOUTH, City=MONTGOMERY, Primary Language=ENGLISH, Network Status=In Network, Sno=2, Procedure Code Description=, OOP Spent In Network=249.0, HICN=1DH9YU0UV11, OOP Spent Out Network=106.0, OOP Limit Out Network=$10,000.00 Combined, AutomationStatusDescription=, Plan=H2001-816, Deductibe Spent In Network=0.0, Procedure Code=20930, DOB=1970-10-29 00:00:00.0000000, OOP Limit In Network=$6,700.00, HSC ID=166961401, ZipCode=36117, ProviderZipCode=36117, State=AL, Address=6616 HERITAGE OAK CT, MBI=1DH9YU0UV11, ProviderAddress=257 WINTON M BLOUNT LOOP, Speciality=ORTHOPAEDIC SURGERY, ProviderCity=MONTGOMERY, Service Reference Number=A098661249, Date of Procedure=2020-08-24, Deductibe Limit In Network=Medicare-defined cost share, ProviderState=AL, CCS Category=SPONDYLOSIS; INTERVERTEBRAL DISC DISORDERS; OTHER BACK PROBLEMS, Deductibe Spent Out Network=0.0, Deductibe Limit Out Network=Medicare-defined cost share, ProviderFirstName=TIMOTHY, Plan Name=UnitedHealthcare Group Medicare Advantage (PPO), LastName=JINRIGHT}]]" name="firstNameTest" duration-ms="139" started-at="2020-10-12T14:53:36 IST" finished-at="2020-10-12T14:53:36 IST">
          <reporter-output>
          </reporter-output>
        </test-method> <!-- firstNameTest -->
        <test-method status="PASS" signature="startBrowser()[pri:0, instance:4]" name="startBrowser" is-config="true" duration-ms="0" started-at="2020-10-12T14:53:36 IST" finished-at="2020-10-12T14:53:36 IST">
          <reporter-output>
          </reporter-output>
        </test-method> <!-- startBrowser -->
        <test-method status="PASS" signature="startBrowser()[pri:0, instance:4]" name="startBrowser" is-config="true" duration-ms="0" started-at="2020-10-12T14:53:36 IST" finished-at="2020-10-12T14:53:36 IST">
          <reporter-output>
          </reporter-output>
        </test-method> <!-- startBrowser -->
        <test-method status="PASS" signature="dateOfBirthTest()[pri:4, instance:2, instance params:[{ProviderLastName=HOLT, Primary Phone=3345931806, FirstName=TONYA, Facility=BAPTIST MEDICAL CENTER SOUTH, City=MONTGOMERY, Primary Language=ENGLISH, Network Status=In Network, Sno=2, Procedure Code Description=, OOP Spent In Network=249.0, HICN=1DH9YU0UV11, OOP Spent Out Network=106.0, OOP Limit Out Network=$10,000.00 Combined, AutomationStatusDescription=, Plan=H2001-816, Deductibe Spent In Network=0.0, Procedure Code=20930, DOB=1970-10-29 00:00:00.0000000, OOP Limit In Network=$6,700.00, HSC ID=166961401, ZipCode=36117, ProviderZipCode=36117, State=AL, Address=6616 HERITAGE OAK CT, MBI=1DH9YU0UV11, ProviderAddress=257 WINTON M BLOUNT LOOP, Speciality=ORTHOPAEDIC SURGERY, ProviderCity=MONTGOMERY, Service Reference Number=A098661249, Date of Procedure=2020-08-24, Deductibe Limit In Network=Medicare-defined cost share, ProviderState=AL, CCS Category=SPONDYLOSIS; INTERVERTEBRAL DISC DISORDERS; OTHER BACK PROBLEMS, Deductibe Spent Out Network=0.0, Deductibe Limit Out Network=Medicare-defined cost share, ProviderFirstName=TIMOTHY, Plan Name=UnitedHealthcare Group Medicare Advantage (PPO), LastName=JINRIGHT}]]" name="dateOfBirthTest" duration-ms="136" started-at="2020-10-12T14:53:36 IST" finished-at="2020-10-12T14:53:36 IST">
          <reporter-output>
          </reporter-output>
        </test-method> <!-- dateOfBirthTest -->
        <test-method status="PASS" signature="startBrowser()[pri:0, instance:4]" name="startBrowser" is-config="true" duration-ms="1" started-at="2020-10-12T14:53:36 IST" finished-at="2020-10-12T14:53:36 IST">
          <reporter-output>
          </reporter-output>
        </test-method> <!-- startBrowser -->
        <test-method status="PASS" signature="primaryPhoneTest()[pri:5, instance:2, instance params:[{ProviderLastName=HOLT, Primary Phone=3345931806, FirstName=TONYA, Facility=BAPTIST MEDICAL CENTER SOUTH, City=MONTGOMERY, Primary Language=ENGLISH, Network Status=In Network, Sno=2, Procedure Code Description=, OOP Spent In Network=249.0, HICN=1DH9YU0UV11, OOP Spent Out Network=106.0, OOP Limit Out Network=$10,000.00 Combined, AutomationStatusDescription=, Plan=H2001-816, Deductibe Spent In Network=0.0, Procedure Code=20930, DOB=1970-10-29 00:00:00.0000000, OOP Limit In Network=$6,700.00, HSC ID=166961401, ZipCode=36117, ProviderZipCode=36117, State=AL, Address=6616 HERITAGE OAK CT, MBI=1DH9YU0UV11, ProviderAddress=257 WINTON M BLOUNT LOOP, Speciality=ORTHOPAEDIC SURGERY, ProviderCity=MONTGOMERY, Service Reference Number=A098661249, Date of Procedure=2020-08-24, Deductibe Limit In Network=Medicare-defined cost share, ProviderState=AL, CCS Category=SPONDYLOSIS; INTERVERTEBRAL DISC DISORDERS; OTHER BACK PROBLEMS, Deductibe Spent Out Network=0.0, Deductibe Limit Out Network=Medicare-defined cost share, ProviderFirstName=TIMOTHY, Plan Name=UnitedHealthcare Group Medicare Advantage (PPO), LastName=JINRIGHT}]]" name="primaryPhoneTest" duration-ms="121" started-at="2020-10-12T14:53:36 IST" finished-at="2020-10-12T14:53:36 IST">
          <reporter-output>
          </reporter-output>
        </test-method> <!-- primaryPhoneTest -->
        <test-method status="PASS" signature="startBrowser()[pri:0, instance:4]" name="startBrowser" is-config="true" duration-ms="1" started-at="2020-10-12T14:53:36 IST" finished-at="2020-10-12T14:53:36 IST">
          <reporter-output>
          </reporter-output>
        </test-method> <!-- startBrowser -->
        <test-method status="PASS" signature="primaryLanguageTest()[pri:6, instance:2, instance params:[{ProviderLastName=HOLT, Primary Phone=3345931806, FirstName=TONYA, Facility=BAPTIST MEDICAL CENTER SOUTH, City=MONTGOMERY, Primary Language=ENGLISH, Network Status=In Network, Sno=2, Procedure Code Description=, OOP Spent In Network=249.0, HICN=1DH9YU0UV11, OOP Spent Out Network=106.0, OOP Limit Out Network=$10,000.00 Combined, AutomationStatusDescription=, Plan=H2001-816, Deductibe Spent In Network=0.0, Procedure Code=20930, DOB=1970-10-29 00:00:00.0000000, OOP Limit In Network=$6,700.00, HSC ID=166961401, ZipCode=36117, ProviderZipCode=36117, State=AL, Address=6616 HERITAGE OAK CT, MBI=1DH9YU0UV11, ProviderAddress=257 WINTON M BLOUNT LOOP, Speciality=ORTHOPAEDIC SURGERY, ProviderCity=MONTGOMERY, Service Reference Number=A098661249, Date of Procedure=2020-08-24, Deductibe Limit In Network=Medicare-defined cost share, ProviderState=AL, CCS Category=SPONDYLOSIS; INTERVERTEBRAL DISC DISORDERS; OTHER BACK PROBLEMS, Deductibe Spent Out Network=0.0, Deductibe Limit Out Network=Medicare-defined cost share, ProviderFirstName=TIMOTHY, Plan Name=UnitedHealthcare Group Medicare Advantage (PPO), LastName=JINRIGHT}]]" name="primaryLanguageTest" duration-ms="116" started-at="2020-10-12T14:53:36 IST" finished-at="2020-10-12T14:53:37 IST">
          <reporter-output>
          </reporter-output>
        </test-method> <!-- primaryLanguageTest -->
        <test-method status="PASS" signature="addressTest()[pri:7, instance:2, instance params:[{ProviderLastName=HOLT, Primary Phone=3345931806, FirstName=TONYA, Facility=BAPTIST MEDICAL CENTER SOUTH, City=MONTGOMERY, Primary Language=ENGLISH, Network Status=In Network, Sno=2, Procedure Code Description=, OOP Spent In Network=249.0, HICN=1DH9YU0UV11, OOP Spent Out Network=106.0, OOP Limit Out Network=$10,000.00 Combined, AutomationStatusDescription=, Plan=H2001-816, Deductibe Spent In Network=0.0, Procedure Code=20930, DOB=1970-10-29 00:00:00.0000000, OOP Limit In Network=$6,700.00, HSC ID=166961401, ZipCode=36117, ProviderZipCode=36117, State=AL, Address=6616 HERITAGE OAK CT, MBI=1DH9YU0UV11, ProviderAddress=257 WINTON M BLOUNT LOOP, Speciality=ORTHOPAEDIC SURGERY, ProviderCity=MONTGOMERY, Service Reference Number=A098661249, Date of Procedure=2020-08-24, Deductibe Limit In Network=Medicare-defined cost share, ProviderState=AL, CCS Category=SPONDYLOSIS; INTERVERTEBRAL DISC DISORDERS; OTHER BACK PROBLEMS, Deductibe Spent Out Network=0.0, Deductibe Limit Out Network=Medicare-defined cost share, ProviderFirstName=TIMOTHY, Plan Name=UnitedHealthcare Group Medicare Advantage (PPO), LastName=JINRIGHT}]]" name="addressTest" duration-ms="103" started-at="2020-10-12T14:53:37 IST" finished-at="2020-10-12T14:53:37 IST">
          <reporter-output>
          </reporter-output>
        </test-method> <!-- addressTest -->
        <test-method status="PASS" signature="startBrowser()[pri:0, instance:4]" name="startBrowser" is-config="true" duration-ms="0" started-at="2020-10-12T14:53:37 IST" finished-at="2020-10-12T14:53:37 IST">
          <reporter-output>
          </reporter-output>
        </test-method> <!-- startBrowser -->
        <test-method status="PASS" signature="startBrowser()[pri:0, instance:4]" name="startBrowser" is-config="true" duration-ms="0" started-at="2020-10-12T14:53:37 IST" finished-at="2020-10-12T14:53:37 IST">
          <reporter-output>
          </reporter-output>
        </test-method> <!-- startBrowser -->
[...]
          <reporter-output>
          </reporter-output>
        </test-method> <!-- verifyLabelProviderCity -->
        <test-method status="PASS" signature="addingInitialDetails()[pri:0, instance:ct.Testcases.CostTransparencyLabel@44c73c26]" name="addingInitialDetails" is-config="true" duration-ms="0" started-at="2020-10-12T15:02:40 IST" finished-at="2020-10-12T15:02:40 IST">
          <reporter-output>
          </reporter-output>
        </test-method> <!-- addingInitialDetails -->
        <test-method status="PASS" signature="removingDetails()[pri:0, instance:ct.Testcases.CostTransparencyLabel@44c73c26]" name="removingDetails" is-config="true" duration-ms="0" started-at="2020-10-12T15:02:40 IST" finished-at="2020-10-12T15:02:40 IST">
          <reporter-output>
          </reporter-output>
        </test-method> <!-- removingDetails -->
        <test-method status="PASS" signature="addingInitialDetails()[pri:0, instance:ct.Testcases.CostTransparencyLabel@44c73c26]" name="addingInitialDetails" is-config="true" duration-ms="0" started-at="2020-10-12T15:02:40 IST" finished-at="2020-10-12T15:02:40 IST">
          <reporter-output>
          </reporter-output>
        </test-method> <!-- addingInitialDetails -->
        <test-method status="PASS" signature="verifyLabelProviderZip()[pri:33, instance:ct.Testcases.CostTransparencyLabel@44c73c26]" name="verifyLabelProviderZip" duration-ms="44" started-at="2020-10-12T15:02:40 IST" finished-at="2020-10-12T15:02:40 IST">
          <reporter-output>
          </reporter-output>
        </test-method> <!-- verifyLabelProviderZip -->
        <test-method status="PASS" signature="removingDetails()[pri:0, instance:ct.Testcases.CostTransparencyLabel@44c73c26]" name="removingDetails" is-config="true" duration-ms="0" started-at="2020-10-12T15:02:40 IST" finished-at="2020-10-12T15:02:40 IST">
          <reporter-output>
          </reporter-output>
        </test-method> <!-- removingDetails -->
        <test-method status="PASS" signature="addingInitialDetails()[pri:0, instance:ct.Testcases.CostTransparencyLabel@44c73c26]" name="addingInitialDetails" is-config="true" duration-ms="0" started-at="2020-10-12T15:02:40 IST" finished-at="2020-10-12T15:02:40 IST">
          <reporter-output>
          </reporter-output>
        </test-method> <!-- addingInitialDetails -->
        <test-method status="PASS" signature="verifyLabelProviderSpeciality()[pri:34, instance:ct.Testcases.CostTransparencyLabel@44c73c26]" name="verifyLabelProviderSpeciality" duration-ms="42" started-at="2020-10-12T15:02:40 IST" finished-at="2020-10-12T15:02:40 IST">
          <reporter-output>
          </reporter-output>
        </test-method> <!-- verifyLabelProviderSpeciality -->
        <test-method status="PASS" signature="removingDetails()[pri:0, instance:ct.Testcases.CostTransparencyLabel@44c73c26]" name="removingDetails" is-config="true" duration-ms="0" started-at="2020-10-12T15:02:40 IST" finished-at="2020-10-12T15:02:40 IST">
          <reporter-output>
          </reporter-output>
        </test-method> <!-- removingDetails -->
        <test-method status="PASS" signature="addingInitialDetails()[pri:0, instance:ct.Testcases.CostTransparencyLabel@44c73c26]" name="addingInitialDetails" is-config="true" duration-ms="1" started-at="2020-10-12T15:02:40 IST" finished-at="2020-10-12T15:02:40 IST">
          <reporter-output>
          </reporter-output>
        </test-method> <!-- addingInitialDetails -->
        <test-method status="PASS" signature="verifyLabelProviderNetworkStatus()[pri:35, instance:ct.Testcases.CostTransparencyLabel@44c73c26]" name="verifyLabelProviderNetworkStatus" duration-ms="43" started-at="2020-10-12T15:02:40 IST" finished-at="2020-10-12T15:02:40 IST">
          <reporter-output>
          </reporter-output>
        </test-method> <!-- verifyLabelProviderNetworkStatus -->
        <test-method status="PASS" signature="verifyLabelCCSCategory()[pri:36, instance:ct.Testcases.CostTransparencyLabel@44c73c26]" name="verifyLabelCCSCategory" duration-ms="45" started-at="2020-10-12T15:02:40 IST" finished-at="2020-10-12T15:02:40 IST">
          <reporter-output>
          </reporter-output>
        </test-method> <!-- verifyLabelCCSCategory -->
        <test-method status="PASS" signature="removingDetails()[pri:0, instance:ct.Testcases.CostTransparencyLabel@44c73c26]" name="removingDetails" is-config="true" duration-ms="0" started-at="2020-10-12T15:02:40 IST" finished-at="2020-10-12T15:02:40 IST">
          <reporter-output>
          </reporter-output>
        </test-method> <!-- removingDetails -->
        <test-method status="PASS" signature="addingInitialDetails()[pri:0, instance:ct.Testcases.CostTransparencyLabel@44c73c26]" name="addingInitialDetails" is-config="true" duration-ms="0" started-at="2020-10-12T15:02:40 IST" finished-at="2020-10-12T15:02:40 IST">
          <reporter-output>
          </reporter-output>
        </test-method> <!-- addingInitialDetails -->
        <test-method status="PASS" signature="removingDetails()[pri:0, instance:ct.Testcases.CostTransparencyLabel@44c73c26]" name="removingDetails" is-config="true" duration-ms="1" started-at="2020-10-12T15:02:40 IST" finished-at="2020-10-12T15:02:40 IST">
          <reporter-output>
          </reporter-output>
        </test-method> <!-- removingDetails -->
        <test-method status="PASS" signature="addingInitialDetails()[pri:0, instance:ct.Testcases.CostTransparencyLabel@44c73c26]" name="addingInitialDetails" is-config="true" duration-ms="0" started-at="2020-10-12T15:02:40 IST" finished-at="2020-10-12T15:02:40 IST">
          <reporter-output>
          </reporter-output>
        </test-method> <!-- addingInitialDetails -->
        <test-method status="PASS" signature="verifyLabelDiagnosis()[pri:37, instance:ct.Testcases.CostTransparencyLabel@44c73c26]" name="verifyLabelDiagnosis" duration-ms="39" started-at="2020-10-12T15:02:40 IST" finished-at="2020-10-12T15:02:40 IST">
          <reporter-output>
          </reporter-output>
        </test-method> <!-- verifyLabelDiagnosis -->
        <test-method status="PASS" signature="removingDetails()[pri:0, instance:ct.Testcases.CostTransparencyLabel@44c73c26]" name="removingDetails" is-config="true" duration-ms="0" started-at="2020-10-12T15:02:40 IST" finished-at="2020-10-12T15:02:40 IST">
          <reporter-output>
          </reporter-output>
        </test-method> <!-- removingDetails -->
        <test-method status="PASS" signature="addingInitialDetails()[pri:0, instance:ct.Testcases.CostTransparencyLabel@44c73c26]" name="addingInitialDetails" is-config="true" duration-ms="1" started-at="2020-10-12T15:02:40 IST" finished-at="2020-10-12T15:02:40 IST">
          <reporter-output>
          </reporter-output>
        </test-method> <!-- addingInitialDetails -->
        <test-method status="PASS" signature="verifyLabelSurgeryExpected()[pri:38, instance:ct.Testcases.CostTransparencyLabel@44c73c26]" name="verifyLabelSurgeryExpected" duration-ms="39" started-at="2020-10-12T15:02:40 IST" finished-at="2020-10-12T15:02:40 IST">
          <reporter-output>
          </reporter-output>
        </test-method> <!-- verifyLabelSurgeryExpected -->
        <test-method status="PASS" signature="removingDetails()[pri:0, instance:ct.Testcases.CostTransparencyLabel@44c73c26]" name="removingDetails" is-config="true" duration-ms="0" started-at="2020-10-12T15:02:40 IST" finished-at="2020-10-12T15:02:40 IST">
          <reporter-output>
          </reporter-output>
        </test-method> <!-- removingDetails -->
        <test-method status="PASS" signature="addingInitialDetails()[pri:0, instance:ct.Testcases.CostTransparencyLabel@44c73c26]" name="addingInitialDetails" is-config="true" duration-ms="1" started-at="2020-10-12T15:02:40 IST" finished-at="2020-10-12T15:02:40 IST">
          <reporter-output>
          </reporter-output>
        </test-method> <!-- addingInitialDetails -->
        <test-method status="PASS" signature="verifyLabelSurgeryNotExpected()[pri:39, instance:ct.Testcases.CostTransparencyLabel@44c73c26]" name="verifyLabelSurgeryNotExpected" duration-ms="47" started-at="2020-10-12T15:02:40 IST" finished-at="2020-10-12T15:02:41 IST">
          <reporter-output>
          </reporter-output>
        </test-method> <!-- verifyLabelSurgeryNotExpected -->
        <test-method status="PASS" signature="removingDetails()[pri:0, instance:ct.Testcases.CostTransparencyLabel@44c73c26]" name="removingDetails" is-config="true" duration-ms="0" started-at="2020-10-12T15:02:41 IST" finished-at="2020-10-12T15:02:41 IST">
          <reporter-output>
          </reporter-output>
        </test-method> <!-- removingDetails -->
        <test-method status="PASS" signature="addingInitialDetails()[pri:0, instance:ct.Testcases.CostTransparencyLabel@44c73c26]" name="addingInitialDetails" is-config="true" duration-ms="0" started-at="2020-10-12T15:02:41 IST" finished-at="2020-10-12T15:02:41 IST">
          <reporter-output>
          </reporter-output>
        </test-method> <!-- addingInitialDetails -->
        <test-method status="PASS" signature="verifyLabelbuttonReset()[pri:40, instance:ct.Testcases.CostTransparencyLabel@44c73c26]" name="verifyLabelbuttonReset" duration-ms="44" started-at="2020-10-12T15:02:41 IST" finished-at="2020-10-12T15:02:41 IST">
          <reporter-output>
          </reporter-output>
        </test-method> <!-- verifyLabelbuttonReset -->
        <test-method status="PASS" signature="verifyLabelbuttonSave()[pri:41, instance:ct.Testcases.CostTransparencyLabel@44c73c26]" name="verifyLabelbuttonSave" duration-ms="41" started-at="2020-10-12T15:02:41 IST" finished-at="2020-10-12T15:02:41 IST">
          <reporter-output>
          </reporter-output>
        </test-method> <!-- verifyLabelbuttonSave -->
        <test-method status="PASS" signature="addingInitialDetails()[pri:0, instance:ct.Testcases.CostTransparencyLabel@44c73c26]" name="addingInitialDetails" is-config="true" duration-ms="0" started-at="2020-10-12T15:02:41 IST" finished-at="2020-10-12T15:02:41 IST">
          <reporter-output>
          </reporter-output>
        </test-method> <!-- addingInitialDetails -->
        <test-method status="PASS" signature="removingDetails()[pri:0, instance:ct.Testcases.CostTransparencyLabel@44c73c26]" name="removingDetails" is-config="true" duration-ms="0" started-at="2020-10-12T15:02:41 IST" finished-at="2020-10-12T15:02:41 IST">
          <reporter-output>
          </reporter-output>
        </test-method> <!-- removingDetails -->
        <test-method status="PASS" signature="removingDetails()[pri:0, instance:ct.Testcases.CostTransparencyLabel@44c73c26]" name="removingDetails" is-config="true" duration-ms="0" started-at="2020-10-12T15:02:41 IST" finished-at="2020-10-12T15:02:41 IST">
          <reporter-output>
          </reporter-output>
        </test-method> <!-- removingDetails -->
        <test-method status="PASS" signature="verifyLabelbuttonGoToSearch()[pri:42, instance:ct.Testcases.CostTransparencyLabel@44c73c26]" name="verifyLabelbuttonGoToSearch" duration-ms="39" started-at="2020-10-12T15:02:41 IST" finished-at="2020-10-12T15:02:41 IST">
          <reporter-output>
          </reporter-output>
        </test-method> <!-- verifyLabelbuttonGoToSearch -->
        <test-method status="PASS" signature="addingInitialDetails()[pri:0, instance:ct.Testcases.CostTransparencyLabel@44c73c26]" name="addingInitialDetails" is-config="true" duration-ms="0" started-at="2020-10-12T15:02:41 IST" finished-at="2020-10-12T15:02:41 IST">
          <reporter-output>
          </reporter-output>
        </test-method> <!-- addingInitialDetails -->
        <test-method status="PASS" signature="removingDetails()[pri:0, instance:ct.Testcases.CostTransparencyLabel@44c73c26]" name="removingDetails" is-config="true" duration-ms="0" started-at="2020-10-12T15:02:41 IST" finished-at="2020-10-12T15:02:41 IST">
          <reporter-output>
          </reporter-output>
        </test-method> <!-- removingDetails -->
        <test-method status="PASS" signature="verifyPreTableHeaders()[pri:43, instance:ct.Testcases.CostTransparencyLabel@44c73c26]" name="verifyPreTableHeaders" duration-ms="650" started-at="2020-10-12T15:02:41 IST" finished-at="2020-10-12T15:02:41 IST">
          <reporter-output>
          </reporter-output>
        </test-method> <!-- verifyPreTableHeaders -->
        <test-method status="PASS" signature="addingInitialDetails()[pri:0, instance:ct.Testcases.CostTransparencyLabel@44c73c26]" name="addingInitialDetails" is-config="true" duration-ms="0" started-at="2020-10-12T15:02:41 IST" finished-at="2020-10-12T15:02:41 IST">
          <reporter-output>
          </reporter-output>
        </test-method> <!-- addingInitialDetails -->
        <test-method status="PASS" signature="removingDetails()[pri:0, instance:ct.Testcases.CostTransparencyLabel@44c73c26]" name="removingDetails" is-config="true" duration-ms="0" started-at="2020-10-12T15:02:41 IST" finished-at="2020-10-12T15:02:41 IST">
          <reporter-output>
          </reporter-output>
        </test-method> <!-- removingDetails -->
        <test-method status="PASS" signature="verifyDuringTableHeaders()[pri:44, instance:ct.Testcases.CostTransparencyLabel@44c73c26]" name="verifyDuringTableHeaders" duration-ms="781" started-at="2020-10-12T15:02:41 IST" finished-at="2020-10-12T15:02:42 IST">
          <reporter-output>
          </reporter-output>
        </test-method> <!-- verifyDuringTableHeaders -->
        <test-method status="PASS" signature="addingInitialDetails()[pri:0, instance:ct.Testcases.CostTransparencyLabel@44c73c26]" name="addingInitialDetails" is-config="true" duration-ms="0" started-at="2020-10-12T15:02:41 IST" finished-at="2020-10-12T15:02:41 IST">
          <reporter-output>
          </reporter-output>
        </test-method> <!-- addingInitialDetails -->
        <test-method status="PASS" signature="removingDetails()[pri:0, instance:ct.Testcases.CostTransparencyLabel@44c73c26]" name="removingDetails" is-config="true" duration-ms="0" started-at="2020-10-12T15:02:42 IST" finished-at="2020-10-12T15:02:42 IST">
          <reporter-output>
          </reporter-output>
        </test-method> <!-- removingDetails -->
        <test-method status="PASS" signature="addingInitialDetails()[pri:0, instance:ct.Testcases.CostTransparencyLabel@44c73c26]" name="addingInitialDetails" is-config="true" duration-ms="1" started-at="2020-10-12T15:02:42 IST" finished-at="2020-10-12T15:02:42 IST">
          <reporter-output>
          </reporter-output>
        </test-method> <!-- addingInitialDetails -->
        <test-method status="PASS" signature="verifyPostTableHeaders()[pri:45, instance:ct.Testcases.CostTransparencyLabel@44c73c26]" name="verifyPostTableHeaders" duration-ms="656" started-at="2020-10-12T15:02:42 IST" finished-at="2020-10-12T15:02:43 IST">
          <reporter-output>
          </reporter-output>
        </test-method> <!-- verifyPostTableHeaders -->
        <test-method status="PASS" signature="verifyLabelTotalIn()[pri:46, instance:ct.Testcases.CostTransparencyLabel@44c73c26]" name="verifyLabelTotalIn" duration-ms="118" started-at="2020-10-12T15:02:43 IST" finished-at="2020-10-12T15:02:43 IST">
          <reporter-output>
          </reporter-output>
        </test-method> <!-- verifyLabelTotalIn -->
        <test-method status="PASS" signature="addingInitialDetails()[pri:0, instance:ct.Testcases.CostTransparencyLabel@44c73c26]" name="addingInitialDetails" is-config="true" duration-ms="0" started-at="2020-10-12T15:02:43 IST" finished-at="2020-10-12T15:02:43 IST">
          <reporter-output>
          </reporter-output>
        </test-method> <!-- addingInitialDetails -->
        <test-method status="PASS" signature="removingDetails()[pri:0, instance:ct.Testcases.CostTransparencyLabel@44c73c26]" name="removingDetails" is-config="true" duration-ms="0" started-at="2020-10-12T15:02:43 IST" finished-at="2020-10-12T15:02:43 IST">
          <reporter-output>
          </reporter-output>
        </test-method> <!-- removingDetails -->
        <test-method status="PASS" signature="addingInitialDetails()[pri:0, instance:ct.Testcases.CostTransparencyLabel@44c73c26]" name="addingInitialDetails" is-config="true" duration-ms="1" started-at="2020-10-12T15:02:43 IST" finished-at="2020-10-12T15:02:43 IST">
          <reporter-output>
          </reporter-output>
        </test-method> <!-- addingInitialDetails -->
        <test-method status="PASS" signature="removingDetails()[pri:0, instance:ct.Testcases.CostTransparencyLabel@44c73c26]" name="removingDetails" is-config="true" duration-ms="0" started-at="2020-10-12T15:02:43 IST" finished-at="2020-10-12T15:02:43 IST">
          <reporter-output>
          </reporter-output>
        </test-method> <!-- removingDetails -->
        <test-method status="PASS" signature="verifyLabelTotalOut()[pri:47, instance:ct.Testcases.CostTransparencyLabel@44c73c26]" name="verifyLabelTotalOut" duration-ms="130" started-at="2020-10-12T15:02:43 IST" finished-at="2020-10-12T15:02:43 IST">
          <reporter-output>
          </reporter-output>
        </test-method> <!-- verifyLabelTotalOut -->
        <test-method status="PASS" signature="removingDetails()[pri:0, instance:ct.Testcases.CostTransparencyLabel@44c73c26]" name="removingDetails" is-config="true" duration-ms="0" started-at="2020-10-12T15:02:43 IST" finished-at="2020-10-12T15:02:43 IST">
          <reporter-output>
          </reporter-output>
        </test-method> <!-- removingDetails -->
        <test-method status="PASS" signature="addingInitialDetails()[pri:0, instance:ct.Testcases.CostTransparencyLabel@44c73c26]" name="addingInitialDetails" is-config="true" duration-ms="0" started-at="2020-10-12T15:02:43 IST" finished-at="2020-10-12T15:02:43 IST">
          <reporter-output>
          </reporter-output>
        </test-method> <!-- addingInitialDetails -->
        <test-method status="PASS" signature="verifyLabelTable()[pri:48, instance:ct.Testcases.CostTransparencyLabel@44c73c26]" name="verifyLabelTable" duration-ms="534" started-at="2020-10-12T15:02:43 IST" finished-at="2020-10-12T15:02:44 IST">
          <reporter-output>
          </reporter-output>
        </test-method> <!-- verifyLabelTable -->
        <test-method status="PASS" signature="removingDetails()[pri:0, instance:ct.Testcases.CostTransparencyLabel@44c73c26]" name="removingDetails" is-config="true" duration-ms="0" started-at="2020-10-12T15:02:44 IST" finished-at="2020-10-12T15:02:44 IST">
          <reporter-output>
          </reporter-output>
        </test-method> <!-- removingDetails -->
        <test-method status="PASS" signature="tearDown()[pri:0, instance:ct.Testcases.CostTransparencyLabel@44c73c26]" name="tearDown" is-config="true" duration-ms="1730" started-at="2020-10-12T15:02:44 IST" finished-at="2020-10-12T15:02:45 IST">
          <reporter-output>
          </reporter-output>
        </test-method> <!-- tearDown -->
        <test-method status="PASS" signature="removingFlags()[pri:0, instance:ct.Testcases.CostTransparencyLabel@44c73c26]" name="removingFlags" is-config="true" duration-ms="0" started-at="2020-10-12T15:02:45 IST" finished-at="2020-10-12T15:02:45 IST">
          <reporter-output>
          </reporter-output>
        </test-method> <!-- removingFlags -->
        <test-method status="PASS" signature="removeExtent()[pri:0, instance:ct.Testcases.CostTransparencyLabel@44c73c26]" name="removeExtent" is-config="true" duration-ms="15810" started-at="2020-10-12T15:02:45 IST" finished-at="2020-10-12T15:03:01 IST">
          <reporter-output>
          </reporter-output>
        </test-method> <!-- removeExtent -->
      </class> <!-- ct.Testcases.CostTransparencyLabel -->
    </test> <!-- CTSurgeryLabelTest -->
  </suite> <!-- CostTransparency -->
</testng-results>
